{"numTotalTestSuites":4,"numPassedTestSuites":4,"numFailedTestSuites":0,"numPendingTestSuites":0,"numTotalTests":4,"numPassedTests":4,"numFailedTests":0,"numPendingTests":0,"numTodoTests":0,"snapshot":{"added":0,"failure":false,"filesAdded":0,"filesRemoved":0,"filesRemovedList":[],"filesUnmatched":0,"filesUpdated":0,"matched":0,"total":0,"unchecked":0,"uncheckedKeysByFile":[],"unmatched":0,"updated":0,"didUpdate":false},"startTime":1764088019068,"success":true,"testResults":[{"assertionResults":[{"ancestorTitles":["Cost Optimization","CostManager"],"fullName":"Cost Optimization CostManager should check budget and return status","status":"passed","title":"should check budget and return status","duration":5.5294999999996435,"failureMessages":[],"meta":{}},{"ancestorTitles":["Cost Optimization","CostManager"],"fullName":"Cost Optimization CostManager should report exceeded budget","status":"passed","title":"should report exceeded budget","duration":0.8723999999997432,"failureMessages":[],"meta":{}},{"ancestorTitles":["Cost Optimization","SemanticCache"],"fullName":"Cost Optimization SemanticCache should get cached response","status":"passed","title":"should get cached response","duration":5.069799999999759,"failureMessages":[],"meta":{}},{"ancestorTitles":["Cost Optimization","SemanticCache"],"fullName":"Cost Optimization SemanticCache should return null on cache miss","status":"passed","title":"should return null on cache miss","duration":0.9157000000000153,"failureMessages":[],"meta":{}}],"startTime":1764088022534,"endTime":1764088022546.9158,"status":"passed","message":"","name":"C:/Users/tayla/OneDrive/Masaüstü/AYAZMA-ONE/AYAZMA_ONE_v2/tests/costOptimization.test.ts"}],"coverageMap":{"C:\\Users\\tayla\\OneDrive\\Masaüstü\\AYAZMA-ONE\\AYAZMA_ONE_v2\\api\\core\\config.ts":{"path":"C:\\Users\\tayla\\OneDrive\\Masaüstü\\AYAZMA-ONE\\AYAZMA_ONE_v2\\api\\core\\config.ts","statementMap":{"0":{"start":{"line":4,"column":30},"end":{"line":4,"column":null}},"1":{"start":{"line":6,"column":19},"end":{"line":6,"column":null}},"2":{"start":{"line":7,"column":18},"end":{"line":7,"column":null}},"3":{"start":{"line":9,"column":0},"end":{"line":9,"column":null}},"4":{"start":{"line":10,"column":0},"end":{"line":10,"column":null}},"5":{"start":{"line":12,"column":15},"end":{"line":22,"column":null}},"6":{"start":{"line":24,"column":15},"end":{"line":24,"column":null}},"7":{"start":{"line":25,"column":0},"end":{"line":27,"column":null}},"8":{"start":{"line":26,"column":2},"end":{"line":26,"column":null}},"9":{"start":{"line":29,"column":22},"end":{"line":39,"column":null}}},"fnMap":{},"branchMap":{"0":{"loc":{"start":{"line":25,"column":0},"end":{"line":27,"column":null}},"type":"if","locations":[{"start":{"line":25,"column":0},"end":{"line":27,"column":null}},{"start":{},"end":{}}],"line":25}},"s":{"0":1,"1":1,"2":1,"3":1,"4":1,"5":1,"6":1,"7":1,"8":0,"9":1},"f":{},"b":{"0":[0,1]},"meta":{"lastBranch":1,"lastFunction":0,"lastStatement":10,"seen":{"s:4:30:4:Infinity":0,"s:6:19:6:Infinity":1,"s:7:18:7:Infinity":2,"s:9:0:9:Infinity":3,"s:10:0:10:Infinity":4,"s:12:15:22:Infinity":5,"s:24:15:24:Infinity":6,"b:25:0:27:Infinity:undefined:undefined:undefined:undefined":0,"s:25:0:27:Infinity":7,"s:26:2:26:Infinity":8,"s:29:22:39:Infinity":9}}},"C:\\Users\\tayla\\OneDrive\\Masaüstü\\AYAZMA-ONE\\AYAZMA_ONE_v2\\api\\core\\logger.ts":{"path":"C:\\Users\\tayla\\OneDrive\\Masaüstü\\AYAZMA-ONE\\AYAZMA_ONE_v2\\api\\core\\logger.ts","statementMap":{"0":{"start":{"line":4,"column":13},"end":{"line":7,"column":null}}},"fnMap":{},"branchMap":{"0":{"loc":{"start":{"line":5,"column":9},"end":{"line":5,"column":null}},"type":"binary-expr","locations":[{"start":{"line":5,"column":9},"end":{"line":5,"column":29}},{"start":{"line":5,"column":29},"end":{"line":5,"column":null}}],"line":5},"1":{"loc":{"start":{"line":5,"column":29},"end":{"line":5,"column":null}},"type":"cond-expr","locations":[{"start":{"line":5,"column":60},"end":{"line":5,"column":70}},{"start":{"line":5,"column":70},"end":{"line":5,"column":null}}],"line":5},"2":{"loc":{"start":{"line":6,"column":13},"end":{"line":6,"column":null}},"type":"cond-expr","locations":[{"start":{"line":6,"column":44},"end":{"line":6,"column":101}},{"start":{"line":6,"column":101},"end":{"line":6,"column":null}}],"line":6}},"s":{"0":1},"f":{},"b":{"0":[1,0],"1":[0,0],"2":[0,1]},"meta":{"lastBranch":3,"lastFunction":0,"lastStatement":1,"seen":{"s:4:13:7:Infinity":0,"b:5:9:5:29:5:29:5:Infinity":0,"b:5:60:5:70:5:70:5:Infinity":1,"b:6:44:6:101:6:101:6:Infinity":2}}},"C:\\Users\\tayla\\OneDrive\\Masaüstü\\AYAZMA-ONE\\AYAZMA_ONE_v2\\api\\modules\\optimization\\costManager.ts":{"path":"C:\\Users\\tayla\\OneDrive\\Masaüstü\\AYAZMA-ONE\\AYAZMA_ONE_v2\\api\\modules\\optimization\\costManager.ts","statementMap":{"0":{"start":{"line":9,"column":8},"end":{"line":51,"column":null}},"1":{"start":{"line":11,"column":61},"end":{"line":15,"column":null}},"2":{"start":{"line":17,"column":12},"end":{"line":20,"column":null}},"3":{"start":{"line":18,"column":16},"end":{"line":18,"column":null}},"4":{"start":{"line":19,"column":16},"end":{"line":19,"column":null}},"5":{"start":{"line":22,"column":27},"end":{"line":22,"column":null}},"6":{"start":{"line":25,"column":33},"end":{"line":25,"column":null}},"7":{"start":{"line":26,"column":12},"end":{"line":26,"column":null}},"8":{"start":{"line":27,"column":12},"end":{"line":27,"column":null}},"9":{"start":{"line":29,"column":55},"end":{"line":33,"column":null}},"10":{"start":{"line":35,"column":12},"end":{"line":38,"column":null}},"11":{"start":{"line":36,"column":16},"end":{"line":36,"column":null}},"12":{"start":{"line":37,"column":16},"end":{"line":37,"column":null}},"13":{"start":{"line":40,"column":31},"end":{"line":40,"column":null}},"14":{"start":{"line":40,"column":59},"end":{"line":40,"column":86}},"15":{"start":{"line":42,"column":12},"end":{"line":46,"column":null}},"16":{"start":{"line":49,"column":12},"end":{"line":49,"column":null}},"17":{"start":{"line":50,"column":12},"end":{"line":50,"column":null}},"18":{"start":{"line":59,"column":8},"end":{"line":63,"column":null}},"19":{"start":{"line":67,"column":27},"end":{"line":67,"column":null}}},"fnMap":{"0":{"name":"(anonymous_0)","decl":{"start":{"line":8,"column":10},"end":{"line":8,"column":22}},"loc":{"start":{"line":8,"column":104},"end":{"line":52,"column":null}},"line":8},"1":{"name":"(anonymous_1)","decl":{"start":{"line":40,"column":45},"end":{"line":40,"column":46}},"loc":{"start":{"line":40,"column":59},"end":{"line":40,"column":86}},"line":40},"2":{"name":"(anonymous_2)","decl":{"start":{"line":57,"column":10},"end":{"line":57,"column":29}},"loc":{"start":{"line":57,"column":67},"end":{"line":64,"column":null}},"line":57}},"branchMap":{"0":{"loc":{"start":{"line":17,"column":12},"end":{"line":20,"column":null}},"type":"if","locations":[{"start":{"line":17,"column":12},"end":{"line":20,"column":null}},{"start":{},"end":{}}],"line":17},"1":{"loc":{"start":{"line":17,"column":16},"end":{"line":17,"column":68}},"type":"binary-expr","locations":[{"start":{"line":17,"column":16},"end":{"line":17,"column":33}},{"start":{"line":17,"column":33},"end":{"line":17,"column":68}}],"line":17},"2":{"loc":{"start":{"line":22,"column":27},"end":{"line":22,"column":null}},"type":"binary-expr","locations":[{"start":{"line":22,"column":27},"end":{"line":22,"column":55}},{"start":{"line":22,"column":55},"end":{"line":22,"column":null}}],"line":22},"3":{"loc":{"start":{"line":35,"column":12},"end":{"line":38,"column":null}},"type":"if","locations":[{"start":{"line":35,"column":12},"end":{"line":38,"column":null}},{"start":{},"end":{}}],"line":35},"4":{"loc":{"start":{"line":40,"column":31},"end":{"line":40,"column":null}},"type":"binary-expr","locations":[{"start":{"line":40,"column":31},"end":{"line":40,"column":92}},{"start":{"line":40,"column":92},"end":{"line":40,"column":null}}],"line":40},"5":{"loc":{"start":{"line":40,"column":66},"end":{"line":40,"column":86}},"type":"binary-expr","locations":[{"start":{"line":40,"column":66},"end":{"line":40,"column":82}},{"start":{"line":40,"column":82},"end":{"line":40,"column":86}}],"line":40}},"s":{"0":2,"1":2,"2":2,"3":0,"4":0,"5":2,"6":2,"7":2,"8":2,"9":2,"10":2,"11":0,"12":0,"13":2,"14":4,"15":2,"16":0,"17":0,"18":0,"19":1},"f":{"0":2,"1":4,"2":0},"b":{"0":[0,2],"1":[2,0],"2":[2,0],"3":[0,2],"4":[2,0],"5":[4,0]},"meta":{"lastBranch":6,"lastFunction":3,"lastStatement":20,"seen":{"f:8:10:8:22":0,"s:9:8:51:Infinity":0,"s:11:61:15:Infinity":1,"b:17:12:20:Infinity:undefined:undefined:undefined:undefined":0,"s:17:12:20:Infinity":2,"b:17:16:17:33:17:33:17:68":1,"s:18:16:18:Infinity":3,"s:19:16:19:Infinity":4,"s:22:27:22:Infinity":5,"b:22:27:22:55:22:55:22:Infinity":2,"s:25:33:25:Infinity":6,"s:26:12:26:Infinity":7,"s:27:12:27:Infinity":8,"s:29:55:33:Infinity":9,"b:35:12:38:Infinity:undefined:undefined:undefined:undefined":3,"s:35:12:38:Infinity":10,"s:36:16:36:Infinity":11,"s:37:16:37:Infinity":12,"s:40:31:40:Infinity":13,"b:40:31:40:92:40:92:40:Infinity":4,"f:40:45:40:46":1,"s:40:59:40:86":14,"b:40:66:40:82:40:82:40:86":5,"s:42:12:46:Infinity":15,"s:49:12:49:Infinity":16,"s:50:12:50:Infinity":17,"f:57:10:57:29":2,"s:59:8:63:Infinity":18,"s:67:27:67:Infinity":19}}},"C:\\Users\\tayla\\OneDrive\\Masaüstü\\AYAZMA-ONE\\AYAZMA_ONE_v2\\api\\modules\\optimization\\semanticCache.ts":{"path":"C:\\Users\\tayla\\OneDrive\\Masaüstü\\AYAZMA-ONE\\AYAZMA_ONE_v2\\api\\modules\\optimization\\semanticCache.ts","statementMap":{"0":{"start":{"line":10,"column":8},"end":{"line":35,"column":null}},"1":{"start":{"line":11,"column":31},"end":{"line":11,"column":null}},"2":{"start":{"line":13,"column":36},"end":{"line":20,"column":null}},"3":{"start":{"line":22,"column":12},"end":{"line":27,"column":null}},"4":{"start":{"line":23,"column":16},"end":{"line":25,"column":null}},"5":{"start":{"line":24,"column":20},"end":{"line":24,"column":null}},"6":{"start":{"line":26,"column":16},"end":{"line":26,"column":null}},"7":{"start":{"line":29,"column":12},"end":{"line":29,"column":null}},"8":{"start":{"line":30,"column":12},"end":{"line":30,"column":null}},"9":{"start":{"line":33,"column":12},"end":{"line":33,"column":null}},"10":{"start":{"line":34,"column":12},"end":{"line":34,"column":null}},"11":{"start":{"line":42,"column":8},"end":{"line":61,"column":null}},"12":{"start":{"line":43,"column":31},"end":{"line":43,"column":null}},"13":{"start":{"line":45,"column":30},"end":{"line":53,"column":null}},"14":{"start":{"line":55,"column":12},"end":{"line":57,"column":null}},"15":{"start":{"line":56,"column":16},"end":{"line":56,"column":null}},"16":{"start":{"line":60,"column":12},"end":{"line":60,"column":null}},"17":{"start":{"line":65,"column":8},"end":{"line":65,"column":null}},"18":{"start":{"line":69,"column":29},"end":{"line":69,"column":null}}},"fnMap":{"0":{"name":"(anonymous_0)","decl":{"start":{"line":9,"column":10},"end":{"line":9,"column":14}},"loc":{"start":{"line":9,"column":84},"end":{"line":36,"column":null}},"line":9},"1":{"name":"(anonymous_1)","decl":{"start":{"line":41,"column":10},"end":{"line":41,"column":14}},"loc":{"start":{"line":41,"column":93},"end":{"line":62,"column":null}},"line":41},"2":{"name":"(anonymous_2)","decl":{"start":{"line":64,"column":12},"end":{"line":64,"column":23}},"loc":{"start":{"line":64,"column":47},"end":{"line":66,"column":null}},"line":64}},"branchMap":{"0":{"loc":{"start":{"line":22,"column":12},"end":{"line":27,"column":null}},"type":"if","locations":[{"start":{"line":22,"column":12},"end":{"line":27,"column":null}},{"start":{},"end":{}}],"line":22},"1":{"loc":{"start":{"line":23,"column":16},"end":{"line":25,"column":null}},"type":"if","locations":[{"start":{"line":23,"column":16},"end":{"line":25,"column":null}},{"start":{},"end":{}}],"line":23},"2":{"loc":{"start":{"line":55,"column":12},"end":{"line":57,"column":null}},"type":"if","locations":[{"start":{"line":55,"column":12},"end":{"line":57,"column":null}},{"start":{},"end":{}}],"line":55}},"s":{"0":2,"1":2,"2":2,"3":2,"4":1,"5":0,"6":1,"7":1,"8":1,"9":0,"10":0,"11":0,"12":0,"13":0,"14":0,"15":0,"16":0,"17":2,"18":1},"f":{"0":2,"1":0,"2":2},"b":{"0":[1,1],"1":[0,1],"2":[0,0]},"meta":{"lastBranch":3,"lastFunction":3,"lastStatement":19,"seen":{"f:9:10:9:14":0,"s:10:8:35:Infinity":0,"s:11:31:11:Infinity":1,"s:13:36:20:Infinity":2,"b:22:12:27:Infinity:undefined:undefined:undefined:undefined":0,"s:22:12:27:Infinity":3,"b:23:16:25:Infinity:undefined:undefined:undefined:undefined":1,"s:23:16:25:Infinity":4,"s:24:20:24:Infinity":5,"s:26:16:26:Infinity":6,"s:29:12:29:Infinity":7,"s:30:12:30:Infinity":8,"s:33:12:33:Infinity":9,"s:34:12:34:Infinity":10,"f:41:10:41:14":1,"s:42:8:61:Infinity":11,"s:43:31:43:Infinity":12,"s:45:30:53:Infinity":13,"b:55:12:57:Infinity:undefined:undefined:undefined:undefined":2,"s:55:12:57:Infinity":14,"s:56:16:56:Infinity":15,"s:60:12:60:Infinity":16,"f:64:12:64:23":2,"s:65:8:65:Infinity":17,"s:69:29:69:Infinity":18}}}}}