{"numTotalTestSuites":34,"numPassedTestSuites":34,"numFailedTestSuites":0,"numPendingTestSuites":0,"numTotalTests":52,"numPassedTests":43,"numFailedTests":0,"numPendingTests":9,"numTodoTests":0,"snapshot":{"added":0,"failure":false,"filesAdded":0,"filesRemoved":0,"filesRemovedList":[],"filesUnmatched":0,"filesUpdated":0,"matched":0,"total":0,"unchecked":0,"uncheckedKeysByFile":[],"unmatched":0,"updated":0,"didUpdate":false},"startTime":1763909279357,"success":true,"testResults":[{"assertionResults":[{"ancestorTitles":["Agent Runner"],"fullName":"Agent Runner should inject context for agents","status":"skipped","title":"should inject context for agents","failureMessages":[],"meta":{}},{"ancestorTitles":["Agent Runner"],"fullName":"Agent Runner should skip context for non-context agents","status":"skipped","title":"should skip context for non-context agents","failureMessages":[],"meta":{}},{"ancestorTitles":["Agent Runner"],"fullName":"Agent Runner should log context usage","status":"skipped","title":"should log context usage","failureMessages":[],"meta":{}}],"startTime":1763909279357,"endTime":1763909279357,"status":"passed","message":"","name":"C:/Users/tayla/OneDrive/Masaüstü/AYAZMA-ONE/AYAZMA_ONE_v2/tests/agentRunner.test.ts"},{"assertionResults":[{"ancestorTitles":["aiRouter"],"fullName":"aiRouter routes request to default provider and logs usage","status":"passed","title":"routes request to default provider and logs usage","duration":11.29950000000099,"failureMessages":[],"meta":{}}],"startTime":1763909298424,"endTime":1763909298435.2996,"status":"passed","message":"","name":"C:/Users/tayla/OneDrive/Masaüstü/AYAZMA-ONE/AYAZMA_ONE_v2/tests/aiRouter.test.ts"},{"assertionResults":[{"ancestorTitles":["Supabase Client Factory"],"fullName":"Supabase Client Factory HTTPS zorunluluğu doğrulanır","status":"passed","title":"HTTPS zorunluluğu doğrulanır","duration":6.5,"failureMessages":[],"meta":{}},{"ancestorTitles":["Supabase Client Factory"],"fullName":"Supabase Client Factory Bağlantı doğrulama","status":"passed","title":"Bağlantı doğrulama","duration":1158.3918999999987,"failureMessages":[],"meta":{}},{"ancestorTitles":["Supabase Client Factory"],"fullName":"Supabase Client Factory CRUD: list","status":"passed","title":"CRUD: list","duration":366.72299999999814,"failureMessages":[],"meta":{}}],"startTime":1763909298512,"endTime":1763909300044.723,"status":"passed","message":"","name":"C:/Users/tayla/OneDrive/Masaüstü/AYAZMA-ONE/AYAZMA_ONE_v2/tests/clientFactory.test.ts"},{"assertionResults":[{"ancestorTitles":["Context Engineer Service"],"fullName":"Context Engineer Service should build context","status":"skipped","title":"should build context","failureMessages":[],"meta":{}},{"ancestorTitles":["Context Engineer Service"],"fullName":"Context Engineer Service should prioritize slices","status":"skipped","title":"should prioritize slices","failureMessages":[],"meta":{}},{"ancestorTitles":["Context Engineer Service"],"fullName":"Context Engineer Service should respect token budget","status":"skipped","title":"should respect token budget","failureMessages":[],"meta":{}}],"startTime":1763909279357,"endTime":1763909279357,"status":"passed","message":"","name":"C:/Users/tayla/OneDrive/Masaüstü/AYAZMA-ONE/AYAZMA_ONE_v2/tests/contextEngineer.test.ts"},{"assertionResults":[{"ancestorTitles":["Document Service"],"fullName":"Document Service should upload document","status":"skipped","title":"should upload document","failureMessages":[],"meta":{}},{"ancestorTitles":["Document Service"],"fullName":"Document Service should list documents","status":"skipped","title":"should list documents","failureMessages":[],"meta":{}},{"ancestorTitles":["Document Service"],"fullName":"Document Service should delete document","status":"skipped","title":"should delete document","failureMessages":[],"meta":{}}],"startTime":1763909279357,"endTime":1763909279357,"status":"passed","message":"","name":"C:/Users/tayla/OneDrive/Masaüstü/AYAZMA-ONE/AYAZMA_ONE_v2/tests/documentService.test.ts"},{"assertionResults":[{"ancestorTitles":["OrchestratorAgent"],"fullName":"OrchestratorAgent runs design, workflow, and content agents sequentially","status":"passed","title":"runs design, workflow, and content agents sequentially","duration":15.442399999999907,"failureMessages":[],"meta":{}}],"startTime":1763909298428,"endTime":1763909298443.4424,"status":"passed","message":"","name":"C:/Users/tayla/OneDrive/Masaüstü/AYAZMA-ONE/AYAZMA_ONE_v2/tests/OrchestratorAgent.test.ts"},{"assertionResults":[{"ancestorTitles":["RAG Service","search"],"fullName":"RAG Service search should perform semantic search and return relevant chunks","status":"passed","title":"should perform semantic search and return relevant chunks","duration":8.51929999999993,"failureMessages":[],"meta":{}},{"ancestorTitles":["RAG Service","search"],"fullName":"RAG Service search should handle empty results","status":"passed","title":"should handle empty results","duration":1.1735000000007858,"failureMessages":[],"meta":{}},{"ancestorTitles":["RAG Service","search"],"fullName":"RAG Service search should filter by similarity threshold","status":"passed","title":"should filter by similarity threshold","duration":1.7089000000014494,"failureMessages":[],"meta":{}},{"ancestorTitles":["RAG Service","search"],"fullName":"RAG Service search should handle RPC errors","status":"passed","title":"should handle RPC errors","duration":4.82589999999982,"failureMessages":[],"meta":{}},{"ancestorTitles":["RAG Service","searchWithContext"],"fullName":"RAG Service searchWithContext should return context slices with metadata","status":"passed","title":"should return context slices with metadata","duration":3.051400000000285,"failureMessages":[],"meta":{}}],"startTime":1763909298211,"endTime":1763909298232.0515,"status":"passed","message":"","name":"C:/Users/tayla/OneDrive/Masaüstü/AYAZMA-ONE/AYAZMA_ONE_v2/tests/ragService.test.ts"},{"assertionResults":[{"ancestorTitles":["Security Middleware","Validation Middleware"],"fullName":"Security Middleware Validation Middleware validates request body successfully","status":"passed","title":"validates request body successfully","duration":16.805700000000797,"failureMessages":[],"meta":{}},{"ancestorTitles":["Security Middleware","Validation Middleware"],"fullName":"Security Middleware Validation Middleware throws error for invalid request body","status":"passed","title":"throws error for invalid request body","duration":8.783400000000256,"failureMessages":[],"meta":{}},{"ancestorTitles":["Security Middleware","Validation Middleware"],"fullName":"Security Middleware Validation Middleware validates query params","status":"passed","title":"validates query params","duration":3.889100000000326,"failureMessages":[],"meta":{}}],"startTime":1763909298018,"endTime":1763909298047.8892,"status":"passed","message":"","name":"C:/Users/tayla/OneDrive/Masaüstü/AYAZMA-ONE/AYAZMA_ONE_v2/tests/security.test.ts"},{"assertionResults":[{"ancestorTitles":["Supabase Configuration"],"fullName":"Supabase Configuration Environment variables are set","status":"passed","title":"Environment variables are set","duration":3.920299999997951,"failureMessages":[],"meta":{}},{"ancestorTitles":["Supabase Operations"],"fullName":"Supabase Operations Database connectivity (sector_blueprints)","status":"passed","title":"Database connectivity (sector_blueprints)","duration":1246.3819000000003,"failureMessages":[],"meta":{}},{"ancestorTitles":["Supabase Operations"],"fullName":"Supabase Operations Realtime subscription setup","status":"passed","title":"Realtime subscription setup","duration":449.3400999999976,"failureMessages":[],"meta":{}},{"ancestorTitles":["Supabase Operations"],"fullName":"Supabase Operations Broadcast channel send","status":"passed","title":"Broadcast channel send","duration":79.36450000000332,"failureMessages":[],"meta":{}},{"ancestorTitles":["Supabase Operations"],"fullName":"Supabase Operations Storage bucket exists or can be created","status":"passed","title":"Storage bucket exists or can be created","duration":1142.5329999999994,"failureMessages":[],"meta":{}}],"startTime":1763909297902,"endTime":1763909300824.533,"status":"passed","message":"","name":"C:/Users/tayla/OneDrive/Masaüstü/AYAZMA-ONE/AYAZMA_ONE_v2/tests/supabase.test.ts"},{"assertionResults":[{"ancestorTitles":["Dashboard Page"],"fullName":"Dashboard Page renders dashboard heading","status":"passed","title":"renders dashboard heading","duration":346.7237000000023,"failureMessages":[],"meta":{}}],"startTime":1763909301310,"endTime":1763909301656.7236,"status":"passed","message":"","name":"C:/Users/tayla/OneDrive/Masaüstü/AYAZMA-ONE/AYAZMA_ONE_v2/src/pages/Dashboard.test.tsx"},{"assertionResults":[{"ancestorTitles":["Button Component"],"fullName":"Button Component renders with children","status":"passed","title":"renders with children","duration":149.28729999999996,"failureMessages":[],"meta":{}},{"ancestorTitles":["Button Component"],"fullName":"Button Component handles click events","status":"passed","title":"handles click events","duration":695.1784999999982,"failureMessages":[],"meta":{}},{"ancestorTitles":["Button Component"],"fullName":"Button Component applies primary variant styles by default","status":"passed","title":"applies primary variant styles by default","duration":8.967400000001362,"failureMessages":[],"meta":{}},{"ancestorTitles":["Button Component"],"fullName":"Button Component applies secondary variant styles","status":"passed","title":"applies secondary variant styles","duration":10.816399999999703,"failureMessages":[],"meta":{}},{"ancestorTitles":["Button Component"],"fullName":"Button Component applies ghost variant styles","status":"passed","title":"applies ghost variant styles","duration":10.670900000000984,"failureMessages":[],"meta":{}},{"ancestorTitles":["Button Component"],"fullName":"Button Component disables button when disabled prop is true","status":"passed","title":"disables button when disabled prop is true","duration":10.578199999999924,"failureMessages":[],"meta":{}},{"ancestorTitles":["Button Component"],"fullName":"Button Component applies custom className","status":"passed","title":"applies custom className","duration":9.175899999998364,"failureMessages":[],"meta":{}}],"startTime":1763909300050,"endTime":1763909300945.1758,"status":"passed","message":"","name":"C:/Users/tayla/OneDrive/Masaüstü/AYAZMA-ONE/AYAZMA_ONE_v2/src/components/ui/Button.test.tsx"},{"assertionResults":[{"ancestorTitles":["Card Component"],"fullName":"Card Component renders children correctly","status":"passed","title":"renders children correctly","duration":216.5610000000015,"failureMessages":[],"meta":{}},{"ancestorTitles":["Card Component"],"fullName":"Card Component applies glassmorphism styles","status":"passed","title":"applies glassmorphism styles","duration":18.324499999998807,"failureMessages":[],"meta":{}},{"ancestorTitles":["Card Component"],"fullName":"Card Component applies custom className","status":"passed","title":"applies custom className","duration":23.924200000001292,"failureMessages":[],"meta":{}},{"ancestorTitles":["Card Component"],"fullName":"Card Component has hover effect enabled by default","status":"passed","title":"has hover effect enabled by default","duration":14.96140000000014,"failureMessages":[],"meta":{}},{"ancestorTitles":["Card Component"],"fullName":"Card Component disables hover effect when hover prop is false","status":"passed","title":"disables hover effect when hover prop is false","duration":36.57610000000204,"failureMessages":[],"meta":{}}],"startTime":1763909299589,"endTime":1763909299900.5762,"status":"passed","message":"","name":"C:/Users/tayla/OneDrive/Masaüstü/AYAZMA-ONE/AYAZMA_ONE_v2/src/components/ui/Card.test.tsx"},{"assertionResults":[{"ancestorTitles":["Input Component"],"fullName":"Input Component renders with label","status":"passed","title":"renders with label","duration":134.31129999999757,"failureMessages":[],"meta":{}},{"ancestorTitles":["Input Component"],"fullName":"Input Component renders without label","status":"passed","title":"renders without label","duration":9.607799999997951,"failureMessages":[],"meta":{}},{"ancestorTitles":["Input Component"],"fullName":"Input Component handles user input","status":"passed","title":"handles user input","duration":936.8316999999988,"failureMessages":[],"meta":{}},{"ancestorTitles":["Input Component"],"fullName":"Input Component displays error message when error prop is provided","status":"passed","title":"displays error message when error prop is provided","duration":17.803100000000995,"failureMessages":[],"meta":{}},{"ancestorTitles":["Input Component"],"fullName":"Input Component renders with icon","status":"passed","title":"renders with icon","duration":22.76800000000003,"failureMessages":[],"meta":{}},{"ancestorTitles":["Input Component"],"fullName":"Input Component applies correct padding when icon is present","status":"passed","title":"applies correct padding when icon is present","duration":13.029399999999441,"failureMessages":[],"meta":{}},{"ancestorTitles":["Input Component"],"fullName":"Input Component applies dark theme styles","status":"passed","title":"applies dark theme styles","duration":7.024600000000646,"failureMessages":[],"meta":{}},{"ancestorTitles":["Input Component"],"fullName":"Input Component applies custom className","status":"passed","title":"applies custom className","duration":171.8117999999995,"failureMessages":[],"meta":{}},{"ancestorTitles":["Input Component"],"fullName":"Input Component forwards HTML input attributes","status":"passed","title":"forwards HTML input attributes","duration":11.029300000001967,"failureMessages":[],"meta":{}}],"startTime":1763909298508,"endTime":1763909299834.0293,"status":"passed","message":"","name":"C:/Users/tayla/OneDrive/Masaüstü/AYAZMA-ONE/AYAZMA_ONE_v2/src/components/ui/Input.test.tsx"},{"assertionResults":[{"ancestorTitles":["ProjectCard Component"],"fullName":"ProjectCard Component renders project title and status","status":"passed","title":"renders project title and status","duration":112.18729999999778,"failureMessages":[],"meta":{}}],"startTime":1763909298099,"endTime":1763909298211.1873,"status":"passed","message":"","name":"C:/Users/tayla/OneDrive/Masaüstü/AYAZMA-ONE/AYAZMA_ONE_v2/src/components/ui/ProjectCard.test.tsx"},{"assertionResults":[{"ancestorTitles":["Select Component"],"fullName":"Select Component renders placeholder when no value selected","status":"passed","title":"renders placeholder when no value selected","duration":159.57430000000022,"failureMessages":[],"meta":{}},{"ancestorTitles":["Select Component"],"fullName":"Select Component opens options list on click and selects an option","status":"passed","title":"opens options list on click and selects an option","duration":760.8172000000013,"failureMessages":[],"meta":{}}],"startTime":1763909298830,"endTime":1763909299750.8171,"status":"passed","message":"","name":"C:/Users/tayla/OneDrive/Masaüstü/AYAZMA-ONE/AYAZMA_ONE_v2/src/components/ui/Select.test.tsx"}],"coverageMap":{"C:\\Users\\tayla\\OneDrive\\Masaüstü\\AYAZMA-ONE\\AYAZMA_ONE_v2\\api\\core\\app-error.ts":{"path":"C:\\Users\\tayla\\OneDrive\\Masaüstü\\AYAZMA-ONE\\AYAZMA_ONE_v2\\api\\core\\app-error.ts","statementMap":{"0":{"start":{"line":7,"column":4},"end":{"line":7,"column":null}},"1":{"start":{"line":8,"column":4},"end":{"line":8,"column":null}},"2":{"start":{"line":9,"column":4},"end":{"line":9,"column":null}},"3":{"start":{"line":10,"column":4},"end":{"line":10,"column":null}}},"fnMap":{"0":{"name":"(anonymous_0)","decl":{"start":{"line":6,"column":2},"end":{"line":6,"column":14}},"loc":{"start":{"line":6,"column":78},"end":{"line":11,"column":null}},"line":6}},"branchMap":{"0":{"loc":{"start":{"line":6,"column":45},"end":{"line":6,"column":63}},"type":"default-arg","locations":[{"start":{"line":6,"column":58},"end":{"line":6,"column":63}}],"line":6}},"s":{"0":1,"1":1,"2":1,"3":1},"f":{"0":1},"b":{"0":[1]},"meta":{"lastBranch":1,"lastFunction":1,"lastStatement":4,"seen":{"f:6:2:6:14":0,"b:6:58:6:63":0,"s:7:4:7:Infinity":0,"s:8:4:8:Infinity":1,"s:9:4:9:Infinity":2,"s:10:4:10:Infinity":3}}},"C:\\Users\\tayla\\OneDrive\\Masaüstü\\AYAZMA-ONE\\AYAZMA_ONE_v2\\api\\modules\\agents\\BaseAgent.ts":{"path":"C:\\Users\\tayla\\OneDrive\\Masaüstü\\AYAZMA-ONE\\AYAZMA_ONE_v2\\api\\modules\\agents\\BaseAgent.ts","statementMap":{"0":{"start":{"line":15,"column":4},"end":{"line":15,"column":null}},"1":{"start":{"line":16,"column":4},"end":{"line":16,"column":null}},"2":{"start":{"line":17,"column":4},"end":{"line":17,"column":null}},"3":{"start":{"line":18,"column":4},"end":{"line":18,"column":null}}},"fnMap":{"0":{"name":"(anonymous_0)","decl":{"start":{"line":10,"column":2},"end":{"line":10,"column":null}},"loc":{"start":{"line":14,"column":4},"end":{"line":19,"column":null}},"line":14}},"branchMap":{"0":{"loc":{"start":{"line":13,"column":4},"end":{"line":13,"column":null}},"type":"default-arg","locations":[{"start":{"line":13,"column":70},"end":{"line":13,"column":null}}],"line":13},"1":{"loc":{"start":{"line":17,"column":24},"end":{"line":17,"column":null}},"type":"binary-expr","locations":[{"start":{"line":17,"column":24},"end":{"line":17,"column":48}},{"start":{"line":17,"column":48},"end":{"line":17,"column":null}}],"line":17}},"s":{"0":1,"1":1,"2":1,"3":1},"f":{"0":1},"b":{"0":[1],"1":[1,1]},"meta":{"lastBranch":2,"lastFunction":1,"lastStatement":4,"seen":{"f:10:2:10:Infinity":0,"b:13:70:13:Infinity":0,"s:15:4:15:Infinity":0,"s:16:4:16:Infinity":1,"s:17:4:17:Infinity":2,"b:17:24:17:48:17:48:17:Infinity":1,"s:18:4:18:Infinity":3}}},"C:\\Users\\tayla\\OneDrive\\Masaüstü\\AYAZMA-ONE\\AYAZMA_ONE_v2\\api\\core\\logger.ts":{"path":"C:\\Users\\tayla\\OneDrive\\Masaüstü\\AYAZMA-ONE\\AYAZMA_ONE_v2\\api\\core\\logger.ts","statementMap":{"0":{"start":{"line":4,"column":13},"end":{"line":7,"column":null}}},"fnMap":{},"branchMap":{"0":{"loc":{"start":{"line":5,"column":9},"end":{"line":5,"column":null}},"type":"binary-expr","locations":[{"start":{"line":5,"column":9},"end":{"line":5,"column":29}},{"start":{"line":5,"column":29},"end":{"line":5,"column":null}}],"line":5},"1":{"loc":{"start":{"line":5,"column":29},"end":{"line":5,"column":null}},"type":"cond-expr","locations":[{"start":{"line":5,"column":60},"end":{"line":5,"column":70}},{"start":{"line":5,"column":70},"end":{"line":5,"column":null}}],"line":5},"2":{"loc":{"start":{"line":6,"column":13},"end":{"line":6,"column":null}},"type":"cond-expr","locations":[{"start":{"line":6,"column":44},"end":{"line":6,"column":101}},{"start":{"line":6,"column":101},"end":{"line":6,"column":null}}],"line":6}},"s":{"0":1},"f":{},"b":{"0":[1,1],"1":[0,1],"2":[0,1]},"meta":{"lastBranch":3,"lastFunction":0,"lastStatement":1,"seen":{"s:4:13:7:Infinity":0,"b:5:9:5:29:5:29:5:Infinity":0,"b:5:60:5:70:5:70:5:Infinity":1,"b:6:44:6:101:6:101:6:Infinity":2}}},"C:\\Users\\tayla\\OneDrive\\Masaüstü\\AYAZMA-ONE\\AYAZMA_ONE_v2\\api\\middleware\\validate.ts":{"path":"C:\\Users\\tayla\\OneDrive\\Masaüstü\\AYAZMA-ONE\\AYAZMA_ONE_v2\\api\\middleware\\validate.ts","statementMap":{"0":{"start":{"line":10,"column":4},"end":{"line":40,"column":null}},"1":{"start":{"line":11,"column":8},"end":{"line":39,"column":null}},"2":{"start":{"line":12,"column":12},"end":{"line":18,"column":null}},"3":{"start":{"line":13,"column":31},"end":{"line":13,"column":null}},"4":{"start":{"line":14,"column":16},"end":{"line":16,"column":null}},"5":{"start":{"line":15,"column":20},"end":{"line":15,"column":null}},"6":{"start":{"line":17,"column":16},"end":{"line":17,"column":null}},"7":{"start":{"line":20,"column":12},"end":{"line":26,"column":null}},"8":{"start":{"line":21,"column":31},"end":{"line":21,"column":null}},"9":{"start":{"line":22,"column":16},"end":{"line":24,"column":null}},"10":{"start":{"line":23,"column":20},"end":{"line":23,"column":null}},"11":{"start":{"line":25,"column":16},"end":{"line":25,"column":null}},"12":{"start":{"line":28,"column":12},"end":{"line":34,"column":null}},"13":{"start":{"line":29,"column":31},"end":{"line":29,"column":null}},"14":{"start":{"line":30,"column":16},"end":{"line":32,"column":null}},"15":{"start":{"line":31,"column":20},"end":{"line":31,"column":null}},"16":{"start":{"line":33,"column":16},"end":{"line":33,"column":null}},"17":{"start":{"line":36,"column":12},"end":{"line":36,"column":null}},"18":{"start":{"line":38,"column":12},"end":{"line":38,"column":null}},"19":{"start":{"line":44,"column":4},"end":{"line":44,"column":null}}},"fnMap":{"0":{"name":"validateRequest","decl":{"start":{"line":5,"column":16},"end":{"line":5,"column":32}},"loc":{"start":{"line":9,"column":19},"end":{"line":41,"column":null}},"line":9},"1":{"name":"(anonymous_1)","decl":{"start":{"line":10,"column":11},"end":{"line":10,"column":12}},"loc":{"start":{"line":10,"column":32},"end":{"line":40,"column":null}},"line":10},"2":{"name":"validateBody","decl":{"start":{"line":43,"column":16},"end":{"line":43,"column":29}},"loc":{"start":{"line":43,"column":74},"end":{"line":45,"column":null}},"line":43}},"branchMap":{"0":{"loc":{"start":{"line":12,"column":12},"end":{"line":18,"column":null}},"type":"if","locations":[{"start":{"line":12,"column":12},"end":{"line":18,"column":null}},{"start":{},"end":{}}],"line":12},"1":{"loc":{"start":{"line":14,"column":16},"end":{"line":16,"column":null}},"type":"if","locations":[{"start":{"line":14,"column":16},"end":{"line":16,"column":null}},{"start":{},"end":{}}],"line":14},"2":{"loc":{"start":{"line":20,"column":12},"end":{"line":26,"column":null}},"type":"if","locations":[{"start":{"line":20,"column":12},"end":{"line":26,"column":null}},{"start":{},"end":{}}],"line":20},"3":{"loc":{"start":{"line":22,"column":16},"end":{"line":24,"column":null}},"type":"if","locations":[{"start":{"line":22,"column":16},"end":{"line":24,"column":null}},{"start":{},"end":{}}],"line":22},"4":{"loc":{"start":{"line":28,"column":12},"end":{"line":34,"column":null}},"type":"if","locations":[{"start":{"line":28,"column":12},"end":{"line":34,"column":null}},{"start":{},"end":{}}],"line":28},"5":{"loc":{"start":{"line":30,"column":16},"end":{"line":32,"column":null}},"type":"if","locations":[{"start":{"line":30,"column":16},"end":{"line":32,"column":null}},{"start":{},"end":{}}],"line":30}},"s":{"0":3,"1":3,"2":3,"3":2,"4":2,"5":1,"6":1,"7":2,"8":1,"9":1,"10":0,"11":1,"12":2,"13":0,"14":0,"15":0,"16":0,"17":2,"18":1,"19":0},"f":{"0":3,"1":3,"2":0},"b":{"0":[2,1],"1":[1,1],"2":[1,1],"3":[0,1],"4":[0,2],"5":[0,0]},"meta":{"lastBranch":6,"lastFunction":3,"lastStatement":20,"seen":{"f:5:16:5:32":0,"s:10:4:40:Infinity":0,"f:10:11:10:12":1,"s:11:8:39:Infinity":1,"b:12:12:18:Infinity:undefined:undefined:undefined:undefined":0,"s:12:12:18:Infinity":2,"s:13:31:13:Infinity":3,"b:14:16:16:Infinity:undefined:undefined:undefined:undefined":1,"s:14:16:16:Infinity":4,"s:15:20:15:Infinity":5,"s:17:16:17:Infinity":6,"b:20:12:26:Infinity:undefined:undefined:undefined:undefined":2,"s:20:12:26:Infinity":7,"s:21:31:21:Infinity":8,"b:22:16:24:Infinity:undefined:undefined:undefined:undefined":3,"s:22:16:24:Infinity":9,"s:23:20:23:Infinity":10,"s:25:16:25:Infinity":11,"b:28:12:34:Infinity:undefined:undefined:undefined:undefined":4,"s:28:12:34:Infinity":12,"s:29:31:29:Infinity":13,"b:30:16:32:Infinity:undefined:undefined:undefined:undefined":5,"s:30:16:32:Infinity":14,"s:31:20:31:Infinity":15,"s:33:16:33:Infinity":16,"s:36:12:36:Infinity":17,"s:38:12:38:Infinity":18,"f:43:16:43:29":2,"s:44:4:44:Infinity":19}}},"C:\\Users\\tayla\\OneDrive\\Masaüstü\\AYAZMA-ONE\\AYAZMA_ONE_v2\\api\\modules\\agents\\OrchestratorAgent.ts":{"path":"C:\\Users\\tayla\\OneDrive\\Masaüstü\\AYAZMA-ONE\\AYAZMA_ONE_v2\\api\\modules\\agents\\OrchestratorAgent.ts","statementMap":{"0":{"start":{"line":7,"column":8},"end":{"line":7,"column":null}},"1":{"start":{"line":11,"column":50},"end":{"line":11,"column":null}},"2":{"start":{"line":14,"column":28},"end":{"line":14,"column":null}},"3":{"start":{"line":15,"column":29},"end":{"line":15,"column":null}},"4":{"start":{"line":16,"column":8},"end":{"line":16,"column":null}},"5":{"start":{"line":20,"column":30},"end":{"line":20,"column":null}},"6":{"start":{"line":21,"column":31},"end":{"line":21,"column":null}},"7":{"start":{"line":22,"column":8},"end":{"line":22,"column":null}},"8":{"start":{"line":25,"column":29},"end":{"line":25,"column":null}},"9":{"start":{"line":26,"column":30},"end":{"line":26,"column":null}},"10":{"start":{"line":27,"column":8},"end":{"line":27,"column":null}},"11":{"start":{"line":29,"column":8},"end":{"line":29,"column":null}}},"fnMap":{"0":{"name":"(anonymous_0)","decl":{"start":{"line":6,"column":4},"end":{"line":6,"column":18}},"loc":{"start":{"line":6,"column":18},"end":{"line":8,"column":null}},"line":6},"1":{"name":"(anonymous_1)","decl":{"start":{"line":10,"column":10},"end":{"line":10,"column":14}},"loc":{"start":{"line":10,"column":85},"end":{"line":30,"column":null}},"line":10}},"branchMap":{},"s":{"0":1,"1":1,"2":1,"3":1,"4":1,"5":1,"6":1,"7":1,"8":1,"9":1,"10":1,"11":1},"f":{"0":1,"1":1},"b":{},"meta":{"lastBranch":0,"lastFunction":2,"lastStatement":12,"seen":{"f:6:4:6:18":0,"s:7:8:7:Infinity":0,"f:10:10:10:14":1,"s:11:50:11:Infinity":1,"s:14:28:14:Infinity":2,"s:15:29:15:Infinity":3,"s:16:8:16:Infinity":4,"s:20:30:20:Infinity":5,"s:21:31:21:Infinity":6,"s:22:8:22:Infinity":7,"s:25:29:25:Infinity":8,"s:26:30:26:Infinity":9,"s:27:8:27:Infinity":10,"s:29:8:29:Infinity":11}}},"C:\\Users\\tayla\\OneDrive\\Masaüstü\\AYAZMA-ONE\\AYAZMA_ONE_v2\\src\\components\\ui\\Button.tsx":{"path":"C:\\Users\\tayla\\OneDrive\\Masaüstü\\AYAZMA-ONE\\AYAZMA_ONE_v2\\src\\components\\ui\\Button.tsx","statementMap":{"0":{"start":{"line":17,"column":4},"end":{"line":17,"column":null}},"1":{"start":{"line":18,"column":41},"end":{"line":26,"column":null}},"2":{"start":{"line":28,"column":2},"end":{"line":35,"column":null}}},"fnMap":{"0":{"name":"Button","decl":{"start":{"line":10,"column":24},"end":{"line":10,"column":31}},"loc":{"start":{"line":15,"column":10},"end":{"line":37,"column":null}},"line":15}},"branchMap":{"0":{"loc":{"start":{"line":11,"column":2},"end":{"line":11,"column":null}},"type":"default-arg","locations":[{"start":{"line":11,"column":12},"end":{"line":11,"column":null}}],"line":11},"1":{"loc":{"start":{"line":12,"column":2},"end":{"line":12,"column":null}},"type":"default-arg","locations":[{"start":{"line":12,"column":14},"end":{"line":12,"column":null}}],"line":12},"2":{"loc":{"start":{"line":13,"column":2},"end":{"line":13,"column":null}},"type":"default-arg","locations":[{"start":{"line":13,"column":13},"end":{"line":13,"column":null}}],"line":13}},"s":{"0":9,"1":9,"2":9},"f":{"0":9},"b":{"0":[9],"1":[9],"2":[9]},"meta":{"lastBranch":3,"lastFunction":1,"lastStatement":3,"seen":{"f:10:24:10:31":0,"b:11:12:11:Infinity":0,"b:12:14:12:Infinity":1,"b:13:13:13:Infinity":2,"s:17:4:17:Infinity":0,"s:18:41:26:Infinity":1,"s:28:2:35:Infinity":2}}},"C:\\Users\\tayla\\OneDrive\\Masaüstü\\AYAZMA-ONE\\AYAZMA_ONE_v2\\src\\components\\ui\\Card.tsx":{"path":"C:\\Users\\tayla\\OneDrive\\Masaüstü\\AYAZMA-ONE\\AYAZMA_ONE_v2\\src\\components\\ui\\Card.tsx","statementMap":{"0":{"start":{"line":8,"column":2},"end":{"line":20,"column":null}}},"fnMap":{"0":{"name":"Card","decl":{"start":{"line":7,"column":24},"end":{"line":7,"column":29}},"loc":{"start":{"line":7,"column":80},"end":{"line":22,"column":null}},"line":7}},"branchMap":{"0":{"loc":{"start":{"line":7,"column":41},"end":{"line":7,"column":57}},"type":"default-arg","locations":[{"start":{"line":7,"column":53},"end":{"line":7,"column":57}}],"line":7},"1":{"loc":{"start":{"line":7,"column":57},"end":{"line":7,"column":70}},"type":"default-arg","locations":[{"start":{"line":7,"column":65},"end":{"line":7,"column":70}}],"line":7},"2":{"loc":{"start":{"line":13,"column":18},"end":{"line":13,"column":null}},"type":"cond-expr","locations":[{"start":{"line":13,"column":26},"end":{"line":13,"column":51}},{"start":{"line":13,"column":51},"end":{"line":13,"column":null}}],"line":13}},"s":{"0":8},"f":{"0":8},"b":{"0":[8],"1":[8],"2":[7,1]},"meta":{"lastBranch":3,"lastFunction":1,"lastStatement":1,"seen":{"f:7:24:7:29":0,"b:7:53:7:57":0,"b:7:65:7:70":1,"s:8:2:20:Infinity":0,"b:13:26:13:51:13:51:13:Infinity":2}}},"C:\\Users\\tayla\\OneDrive\\Masaüstü\\AYAZMA-ONE\\AYAZMA_ONE_v2\\api\\modules\\ai\\aiRouter.ts":{"path":"C:\\Users\\tayla\\OneDrive\\Masaüstü\\AYAZMA-ONE\\AYAZMA_ONE_v2\\api\\modules\\ai\\aiRouter.ts","statementMap":{"0":{"start":{"line":11,"column":2},"end":{"line":11,"column":null}},"1":{"start":{"line":11,"column":20},"end":{"line":11,"column":null}},"2":{"start":{"line":14,"column":2},"end":{"line":14,"column":null}},"3":{"start":{"line":18,"column":20},"end":{"line":18,"column":null}},"4":{"start":{"line":19,"column":23},"end":{"line":19,"column":null}},"5":{"start":{"line":20,"column":16},"end":{"line":20,"column":null}},"6":{"start":{"line":21,"column":19},"end":{"line":21,"column":null}},"7":{"start":{"line":23,"column":2},"end":{"line":43,"column":null}},"8":{"start":{"line":24,"column":19},"end":{"line":24,"column":null}},"9":{"start":{"line":25,"column":4},"end":{"line":37,"column":null}},"10":{"start":{"line":38,"column":4},"end":{"line":38,"column":null}},"11":{"start":{"line":40,"column":4},"end":{"line":40,"column":null}},"12":{"start":{"line":41,"column":4},"end":{"line":41,"column":null}},"13":{"start":{"line":41,"column":31},"end":{"line":41,"column":null}},"14":{"start":{"line":42,"column":4},"end":{"line":42,"column":null}}},"fnMap":{"0":{"name":"selectModel","decl":{"start":{"line":9,"column":9},"end":{"line":9,"column":21}},"loc":{"start":{"line":9,"column":133},"end":{"line":15,"column":null}},"line":9},"1":{"name":"routeAiRequest","decl":{"start":{"line":17,"column":22},"end":{"line":17,"column":37}},"loc":{"start":{"line":17,"column":84},"end":{"line":44,"column":null}},"line":17}},"branchMap":{"0":{"loc":{"start":{"line":11,"column":2},"end":{"line":11,"column":null}},"type":"if","locations":[{"start":{"line":11,"column":2},"end":{"line":11,"column":null}},{"start":{},"end":{}}],"line":11},"1":{"loc":{"start":{"line":14,"column":9},"end":{"line":14,"column":null}},"type":"binary-expr","locations":[{"start":{"line":14,"column":9},"end":{"line":14,"column":34}},{"start":{"line":14,"column":34},"end":{"line":14,"column":null}}],"line":14},"2":{"loc":{"start":{"line":19,"column":23},"end":{"line":19,"column":null}},"type":"binary-expr","locations":[{"start":{"line":19,"column":23},"end":{"line":19,"column":49}},{"start":{"line":19,"column":49},"end":{"line":19,"column":71}},{"start":{"line":19,"column":71},"end":{"line":19,"column":99}},{"start":{"line":19,"column":99},"end":{"line":19,"column":null}}],"line":19},"3":{"loc":{"start":{"line":24,"column":66},"end":{"line":24,"column":88}},"type":"binary-expr","locations":[{"start":{"line":24,"column":66},"end":{"line":24,"column":83}},{"start":{"line":24,"column":83},"end":{"line":24,"column":88}}],"line":24},"4":{"loc":{"start":{"line":41,"column":4},"end":{"line":41,"column":null}},"type":"if","locations":[{"start":{"line":41,"column":4},"end":{"line":41,"column":null}},{"start":{},"end":{}}],"line":41}},"s":{"0":1,"1":1,"2":0,"3":1,"4":1,"5":1,"6":1,"7":1,"8":1,"9":1,"10":1,"11":0,"12":0,"13":0,"14":0},"f":{"0":1,"1":1},"b":{"0":[1,0],"1":[0,0],"2":[1,1,0,0],"3":[1,1],"4":[0,0]},"meta":{"lastBranch":5,"lastFunction":2,"lastStatement":15,"seen":{"f:9:9:9:21":0,"b:11:2:11:Infinity:undefined:undefined:undefined:undefined":0,"s:11:2:11:Infinity":0,"s:11:20:11:Infinity":1,"s:14:2:14:Infinity":2,"b:14:9:14:34:14:34:14:Infinity":1,"f:17:22:17:37":1,"s:18:20:18:Infinity":3,"s:19:23:19:Infinity":4,"b:19:23:19:49:19:49:19:71:19:71:19:99:19:99:19:Infinity":2,"s:20:16:20:Infinity":5,"s:21:19:21:Infinity":6,"s:23:2:43:Infinity":7,"s:24:19:24:Infinity":8,"b:24:66:24:83:24:83:24:88":3,"s:25:4:37:Infinity":9,"s:38:4:38:Infinity":10,"s:40:4:40:Infinity":11,"b:41:4:41:Infinity:undefined:undefined:undefined:undefined":4,"s:41:4:41:Infinity":12,"s:41:31:41:Infinity":13,"s:42:4:42:Infinity":14}}},"C:\\Users\\tayla\\OneDrive\\Masaüstü\\AYAZMA-ONE\\AYAZMA_ONE_v2\\src\\components\\ui\\Input.tsx":{"path":"C:\\Users\\tayla\\OneDrive\\Masaüstü\\AYAZMA-ONE\\AYAZMA_ONE_v2\\src\\components\\ui\\Input.tsx","statementMap":{"0":{"start":{"line":19,"column":2},"end":{"line":37,"column":null}}},"fnMap":{"0":{"name":"Input","decl":{"start":{"line":11,"column":24},"end":{"line":11,"column":30}},"loc":{"start":{"line":18,"column":10},"end":{"line":39,"column":null}},"line":18}},"branchMap":{"0":{"loc":{"start":{"line":15,"column":2},"end":{"line":15,"column":null}},"type":"default-arg","locations":[{"start":{"line":15,"column":13},"end":{"line":15,"column":null}}],"line":15},"1":{"loc":{"start":{"line":16,"column":2},"end":{"line":16,"column":null}},"type":"default-arg","locations":[{"start":{"line":16,"column":14},"end":{"line":16,"column":null}}],"line":16},"2":{"loc":{"start":{"line":21,"column":7},"end":{"line":22,"column":null}},"type":"binary-expr","locations":[{"start":{"line":21,"column":7},"end":{"line":21,"column":null}},{"start":{"line":22,"column":8},"end":{"line":22,"column":null}}],"line":21},"3":{"loc":{"start":{"line":25,"column":9},"end":{"line":28,"column":null}},"type":"binary-expr","locations":[{"start":{"line":25,"column":9},"end":{"line":25,"column":null}},{"start":{"line":26,"column":10},"end":{"line":28,"column":null}}],"line":25},"4":{"loc":{"start":{"line":32,"column":31},"end":{"line":32,"column":50}},"type":"cond-expr","locations":[{"start":{"line":32,"column":38},"end":{"line":32,"column":48}},{"start":{"line":32,"column":48},"end":{"line":32,"column":50}}],"line":32},"5":{"loc":{"start":{"line":36,"column":7},"end":{"line":36,"column":null}},"type":"binary-expr","locations":[{"start":{"line":36,"column":7},"end":{"line":36,"column":16}},{"start":{"line":36,"column":16},"end":{"line":36,"column":null}}],"line":36}},"s":{"0":9},"f":{"0":9},"b":{"0":[9],"1":[9],"2":[9,2],"3":[9,2],"4":[2,7],"5":[9,1]},"meta":{"lastBranch":6,"lastFunction":1,"lastStatement":1,"seen":{"f:11:24:11:30":0,"b:15:13:15:Infinity":0,"b:16:14:16:Infinity":1,"s:19:2:37:Infinity":0,"b:21:7:21:Infinity:22:8:22:Infinity":2,"b:25:9:25:Infinity:26:10:28:Infinity":3,"b:32:38:32:48:32:48:32:50":4,"b:36:7:36:16:36:16:36:Infinity":5}}},"C:\\Users\\tayla\\OneDrive\\Masaüstü\\AYAZMA-ONE\\AYAZMA_ONE_v2\\src\\components\\ui\\ProjectCard.tsx":{"path":"C:\\Users\\tayla\\OneDrive\\Masaüstü\\AYAZMA-ONE\\AYAZMA_ONE_v2\\src\\components\\ui\\ProjectCard.tsx","statementMap":{"0":{"start":{"line":18,"column":48},"end":{"line":25,"column":null}},"1":{"start":{"line":19,"column":4},"end":{"line":23,"column":null}}},"fnMap":{"0":{"name":"(anonymous_0)","decl":{"start":{"line":18,"column":48},"end":{"line":18,"column":49}},"loc":{"start":{"line":18,"column":65},"end":{"line":25,"column":null}},"line":18}},"branchMap":{},"s":{"0":1,"1":1},"f":{"0":1},"b":{},"meta":{"lastBranch":0,"lastFunction":1,"lastStatement":2,"seen":{"s:18:48:25:Infinity":0,"f:18:48:18:49":0,"s:19:4:23:Infinity":1}}},"C:\\Users\\tayla\\OneDrive\\Masaüstü\\AYAZMA-ONE\\AYAZMA_ONE_v2\\shared\\supabaseClientFactory.ts":{"path":"C:\\Users\\tayla\\OneDrive\\Masaüstü\\AYAZMA-ONE\\AYAZMA_ONE_v2\\shared\\supabaseClientFactory.ts","statementMap":{"0":{"start":{"line":6,"column":2},"end":{"line":6,"column":null}},"1":{"start":{"line":6,"column":23},"end":{"line":6,"column":null}},"2":{"start":{"line":7,"column":2},"end":{"line":7,"column":null}},"3":{"start":{"line":7,"column":33},"end":{"line":7,"column":null}},"4":{"start":{"line":9,"column":8},"end":{"line":11,"column":null}},"5":{"start":{"line":13,"column":24},"end":{"line":23,"column":null}},"6":{"start":{"line":14,"column":4},"end":{"line":22,"column":null}},"7":{"start":{"line":15,"column":18},"end":{"line":17,"column":null}},"8":{"start":{"line":18,"column":6},"end":{"line":18,"column":null}},"9":{"start":{"line":18,"column":19},"end":{"line":18,"column":null}},"10":{"start":{"line":19,"column":6},"end":{"line":19,"column":null}},"11":{"start":{"line":21,"column":6},"end":{"line":21,"column":null}},"12":{"start":{"line":25,"column":27},"end":{"line":35,"column":null}},"13":{"start":{"line":26,"column":4},"end":{"line":34,"column":null}},"14":{"start":{"line":27,"column":24},"end":{"line":27,"column":null}},"15":{"start":{"line":28,"column":6},"end":{"line":28,"column":null}},"16":{"start":{"line":28,"column":17},"end":{"line":28,"column":null}},"17":{"start":{"line":29,"column":22},"end":{"line":29,"column":null}},"18":{"start":{"line":30,"column":6},"end":{"line":30,"column":null}},"19":{"start":{"line":30,"column":28},"end":{"line":30,"column":null}},"20":{"start":{"line":31,"column":6},"end":{"line":31,"column":null}},"21":{"start":{"line":33,"column":6},"end":{"line":33,"column":null}},"22":{"start":{"line":37,"column":15},"end":{"line":65,"column":null}},"23":{"start":{"line":37,"column":44},"end":{"line":65,"column":null}},"24":{"start":{"line":39,"column":20},"end":{"line":39,"column":null}},"25":{"start":{"line":40,"column":6},"end":{"line":40,"column":null}},"26":{"start":{"line":40,"column":50},"end":{"line":40,"column":64}},"27":{"start":{"line":41,"column":30},"end":{"line":41,"column":null}},"28":{"start":{"line":42,"column":6},"end":{"line":42,"column":null}},"29":{"start":{"line":42,"column":17},"end":{"line":42,"column":null}},"30":{"start":{"line":43,"column":6},"end":{"line":43,"column":null}},"31":{"start":{"line":46,"column":30},"end":{"line":46,"column":null}},"32":{"start":{"line":47,"column":6},"end":{"line":47,"column":null}},"33":{"start":{"line":47,"column":17},"end":{"line":47,"column":null}},"34":{"start":{"line":48,"column":6},"end":{"line":48,"column":null}},"35":{"start":{"line":51,"column":30},"end":{"line":51,"column":null}},"36":{"start":{"line":52,"column":6},"end":{"line":52,"column":null}},"37":{"start":{"line":52,"column":17},"end":{"line":52,"column":null}},"38":{"start":{"line":53,"column":6},"end":{"line":53,"column":null}},"39":{"start":{"line":56,"column":30},"end":{"line":56,"column":null}},"40":{"start":{"line":57,"column":6},"end":{"line":57,"column":null}},"41":{"start":{"line":57,"column":17},"end":{"line":57,"column":null}},"42":{"start":{"line":58,"column":6},"end":{"line":58,"column":null}},"43":{"start":{"line":61,"column":24},"end":{"line":61,"column":null}},"44":{"start":{"line":62,"column":6},"end":{"line":62,"column":null}},"45":{"start":{"line":62,"column":17},"end":{"line":62,"column":null}},"46":{"start":{"line":63,"column":6},"end":{"line":63,"column":null}},"47":{"start":{"line":67,"column":2},"end":{"line":67,"column":null}}},"fnMap":{"0":{"name":"createSupabaseClient","decl":{"start":{"line":5,"column":16},"end":{"line":5,"column":37}},"loc":{"start":{"line":5,"column":66},"end":{"line":68,"column":null}},"line":5},"1":{"name":"(anonymous_1)","decl":{"start":{"line":13,"column":24},"end":{"line":13,"column":66}},"loc":{"start":{"line":13,"column":66},"end":{"line":23,"column":null}},"line":13},"2":{"name":"(anonymous_2)","decl":{"start":{"line":25,"column":27},"end":{"line":25,"column":69}},"loc":{"start":{"line":25,"column":69},"end":{"line":35,"column":null}},"line":25},"3":{"name":"(anonymous_3)","decl":{"start":{"line":37,"column":15},"end":{"line":37,"column":25}},"loc":{"start":{"line":37,"column":44},"end":{"line":65,"column":null}},"line":37},"4":{"name":"(anonymous_4)","decl":{"start":{"line":38,"column":10},"end":{"line":38,"column":17}},"loc":{"start":{"line":38,"column":81},"end":{"line":44,"column":null}},"line":38},"5":{"name":"(anonymous_5)","decl":{"start":{"line":40,"column":38},"end":{"line":40,"column":39}},"loc":{"start":{"line":40,"column":50},"end":{"line":40,"column":64}},"line":40},"6":{"name":"(anonymous_6)","decl":{"start":{"line":45,"column":13},"end":{"line":45,"column":20}},"loc":{"start":{"line":45,"column":59},"end":{"line":49,"column":null}},"line":45},"7":{"name":"(anonymous_7)","decl":{"start":{"line":50,"column":12},"end":{"line":50,"column":19}},"loc":{"start":{"line":50,"column":67},"end":{"line":54,"column":null}},"line":50},"8":{"name":"(anonymous_8)","decl":{"start":{"line":55,"column":12},"end":{"line":55,"column":19}},"loc":{"start":{"line":55,"column":79},"end":{"line":59,"column":null}},"line":55},"9":{"name":"(anonymous_9)","decl":{"start":{"line":60,"column":12},"end":{"line":60,"column":19}},"loc":{"start":{"line":60,"column":61},"end":{"line":64,"column":null}},"line":60}},"branchMap":{"0":{"loc":{"start":{"line":6,"column":2},"end":{"line":6,"column":null}},"type":"if","locations":[{"start":{"line":6,"column":2},"end":{"line":6,"column":null}},{"start":{},"end":{}}],"line":6},"1":{"loc":{"start":{"line":6,"column":6},"end":{"line":6,"column":23}},"type":"binary-expr","locations":[{"start":{"line":6,"column":6},"end":{"line":6,"column":14}},{"start":{"line":6,"column":14},"end":{"line":6,"column":23}}],"line":6},"2":{"loc":{"start":{"line":7,"column":2},"end":{"line":7,"column":null}},"type":"if","locations":[{"start":{"line":7,"column":2},"end":{"line":7,"column":null}},{"start":{},"end":{}}],"line":7},"3":{"loc":{"start":{"line":18,"column":6},"end":{"line":18,"column":null}},"type":"if","locations":[{"start":{"line":18,"column":6},"end":{"line":18,"column":null}},{"start":{},"end":{}}],"line":18},"4":{"loc":{"start":{"line":21,"column":38},"end":{"line":21,"column":70}},"type":"binary-expr","locations":[{"start":{"line":21,"column":38},"end":{"line":21,"column":52}},{"start":{"line":21,"column":52},"end":{"line":21,"column":70}}],"line":21},"5":{"loc":{"start":{"line":28,"column":6},"end":{"line":28,"column":null}},"type":"if","locations":[{"start":{"line":28,"column":6},"end":{"line":28,"column":null}},{"start":{},"end":{}}],"line":28},"6":{"loc":{"start":{"line":30,"column":6},"end":{"line":30,"column":null}},"type":"if","locations":[{"start":{"line":30,"column":6},"end":{"line":30,"column":null}},{"start":{},"end":{}}],"line":30},"7":{"loc":{"start":{"line":33,"column":38},"end":{"line":33,"column":80}},"type":"binary-expr","locations":[{"start":{"line":33,"column":38},"end":{"line":33,"column":52}},{"start":{"line":33,"column":52},"end":{"line":33,"column":80}}],"line":33},"8":{"loc":{"start":{"line":38,"column":17},"end":{"line":38,"column":81}},"type":"default-arg","locations":[{"start":{"line":38,"column":48},"end":{"line":38,"column":81}}],"line":38},"9":{"loc":{"start":{"line":42,"column":6},"end":{"line":42,"column":null}},"type":"if","locations":[{"start":{"line":42,"column":6},"end":{"line":42,"column":null}},{"start":{},"end":{}}],"line":42},"10":{"loc":{"start":{"line":43,"column":37},"end":{"line":43,"column":56}},"type":"binary-expr","locations":[{"start":{"line":43,"column":37},"end":{"line":43,"column":53}},{"start":{"line":43,"column":53},"end":{"line":43,"column":56}}],"line":43},"11":{"loc":{"start":{"line":47,"column":6},"end":{"line":47,"column":null}},"type":"if","locations":[{"start":{"line":47,"column":6},"end":{"line":47,"column":null}},{"start":{},"end":{}}],"line":47},"12":{"loc":{"start":{"line":52,"column":6},"end":{"line":52,"column":null}},"type":"if","locations":[{"start":{"line":52,"column":6},"end":{"line":52,"column":null}},{"start":{},"end":{}}],"line":52},"13":{"loc":{"start":{"line":57,"column":6},"end":{"line":57,"column":null}},"type":"if","locations":[{"start":{"line":57,"column":6},"end":{"line":57,"column":null}},{"start":{},"end":{}}],"line":57},"14":{"loc":{"start":{"line":62,"column":6},"end":{"line":62,"column":null}},"type":"if","locations":[{"start":{"line":62,"column":6},"end":{"line":62,"column":null}},{"start":{},"end":{}}],"line":62}},"s":{"0":3,"1":0,"2":3,"3":1,"4":2,"5":2,"6":1,"7":1,"8":1,"9":0,"10":1,"11":0,"12":2,"13":1,"14":1,"15":1,"16":0,"17":1,"18":1,"19":0,"20":1,"21":0,"22":2,"23":1,"24":1,"25":1,"26":0,"27":1,"28":1,"29":0,"30":1,"31":0,"32":0,"33":0,"34":0,"35":0,"36":0,"37":0,"38":0,"39":0,"40":0,"41":0,"42":0,"43":0,"44":0,"45":0,"46":0,"47":2},"f":{"0":3,"1":1,"2":1,"3":1,"4":1,"5":0,"6":0,"7":0,"8":0,"9":0},"b":{"0":[0,3],"1":[3,3],"2":[1,2],"3":[0,1],"4":[0,0],"5":[0,1],"6":[0,1],"7":[0,0],"8":[1],"9":[0,1],"10":[1,0],"11":[0,0],"12":[0,0],"13":[0,0],"14":[0,0]},"meta":{"lastBranch":15,"lastFunction":10,"lastStatement":48,"seen":{"f:5:16:5:37":0,"b:6:2:6:Infinity:undefined:undefined:undefined:undefined":0,"s:6:2:6:Infinity":0,"b:6:6:6:14:6:14:6:23":1,"s:6:23:6:Infinity":1,"b:7:2:7:Infinity:undefined:undefined:undefined:undefined":2,"s:7:2:7:Infinity":2,"s:7:33:7:Infinity":3,"s:9:8:11:Infinity":4,"s:13:24:23:Infinity":5,"f:13:24:13:66":1,"s:14:4:22:Infinity":6,"s:15:18:17:Infinity":7,"b:18:6:18:Infinity:undefined:undefined:undefined:undefined":3,"s:18:6:18:Infinity":8,"s:18:19:18:Infinity":9,"s:19:6:19:Infinity":10,"s:21:6:21:Infinity":11,"b:21:38:21:52:21:52:21:70":4,"s:25:27:35:Infinity":12,"f:25:27:25:69":2,"s:26:4:34:Infinity":13,"s:27:24:27:Infinity":14,"b:28:6:28:Infinity:undefined:undefined:undefined:undefined":5,"s:28:6:28:Infinity":15,"s:28:17:28:Infinity":16,"s:29:22:29:Infinity":17,"b:30:6:30:Infinity:undefined:undefined:undefined:undefined":6,"s:30:6:30:Infinity":18,"s:30:28:30:Infinity":19,"s:31:6:31:Infinity":20,"s:33:6:33:Infinity":21,"b:33:38:33:52:33:52:33:80":7,"s:37:15:65:Infinity":22,"f:37:15:37:25":3,"s:37:44:65:Infinity":23,"f:38:10:38:17":4,"b:38:48:38:81":8,"s:39:20:39:Infinity":24,"s:40:6:40:Infinity":25,"f:40:38:40:39":5,"s:40:50:40:64":26,"s:41:30:41:Infinity":27,"b:42:6:42:Infinity:undefined:undefined:undefined:undefined":9,"s:42:6:42:Infinity":28,"s:42:17:42:Infinity":29,"s:43:6:43:Infinity":30,"b:43:37:43:53:43:53:43:56":10,"f:45:13:45:20":6,"s:46:30:46:Infinity":31,"b:47:6:47:Infinity:undefined:undefined:undefined:undefined":11,"s:47:6:47:Infinity":32,"s:47:17:47:Infinity":33,"s:48:6:48:Infinity":34,"f:50:12:50:19":7,"s:51:30:51:Infinity":35,"b:52:6:52:Infinity:undefined:undefined:undefined:undefined":12,"s:52:6:52:Infinity":36,"s:52:17:52:Infinity":37,"s:53:6:53:Infinity":38,"f:55:12:55:19":8,"s:56:30:56:Infinity":39,"b:57:6:57:Infinity:undefined:undefined:undefined:undefined":13,"s:57:6:57:Infinity":40,"s:57:17:57:Infinity":41,"s:58:6:58:Infinity":42,"f:60:12:60:19":9,"s:61:24:61:Infinity":43,"b:62:6:62:Infinity:undefined:undefined:undefined:undefined":14,"s:62:6:62:Infinity":44,"s:62:17:62:Infinity":45,"s:63:6:63:Infinity":46,"s:67:2:67:Infinity":47}}},"C:\\Users\\tayla\\OneDrive\\Masaüstü\\AYAZMA-ONE\\AYAZMA_ONE_v2\\src\\components\\ui\\Spinner.tsx":{"path":"C:\\Users\\tayla\\OneDrive\\Masaüstü\\AYAZMA-ONE\\AYAZMA_ONE_v2\\src\\components\\ui\\Spinner.tsx","statementMap":{"0":{"start":{"line":2,"column":2},"end":{"line":5,"column":null}}},"fnMap":{"0":{"name":"Spinner","decl":{"start":{"line":1,"column":24},"end":{"line":1,"column":34}},"loc":{"start":{"line":1,"column":34},"end":{"line":7,"column":null}},"line":1}},"branchMap":{},"s":{"0":1},"f":{"0":1},"b":{},"meta":{"lastBranch":0,"lastFunction":1,"lastStatement":1,"seen":{"f:1:24:1:34":0,"s:2:2:5:Infinity":0}}},"C:\\Users\\tayla\\OneDrive\\Masaüstü\\AYAZMA-ONE\\AYAZMA_ONE_v2\\src\\components\\ui\\Select.tsx":{"path":"C:\\Users\\tayla\\OneDrive\\Masaüstü\\AYAZMA-ONE\\AYAZMA_ONE_v2\\src\\components\\ui\\Select.tsx","statementMap":{"0":{"start":{"line":6,"column":2},"end":{"line":17,"column":null}}},"fnMap":{"0":{"name":"Select","decl":{"start":{"line":5,"column":24},"end":{"line":5,"column":31}},"loc":{"start":{"line":5,"column":105},"end":{"line":19,"column":null}},"line":5}},"branchMap":{"0":{"loc":{"start":{"line":5,"column":60},"end":{"line":5,"column":76}},"type":"default-arg","locations":[{"start":{"line":5,"column":72},"end":{"line":5,"column":76}}],"line":5},"1":{"loc":{"start":{"line":8,"column":7},"end":{"line":8,"column":null}},"type":"binary-expr","locations":[{"start":{"line":8,"column":7},"end":{"line":8,"column":16}},{"start":{"line":8,"column":16},"end":{"line":8,"column":null}}],"line":8},"2":{"loc":{"start":{"line":13,"column":9},"end":{"line":13,"column":null}},"type":"binary-expr","locations":[{"start":{"line":13,"column":9},"end":{"line":13,"column":24}},{"start":{"line":13,"column":24},"end":{"line":13,"column":null}}],"line":13},"3":{"loc":{"start":{"line":16,"column":7},"end":{"line":16,"column":null}},"type":"binary-expr","locations":[{"start":{"line":16,"column":7},"end":{"line":16,"column":16}},{"start":{"line":16,"column":16},"end":{"line":16,"column":null}}],"line":16}},"s":{"0":3},"f":{"0":3},"b":{"0":[3],"1":[3,0],"2":[3,2],"3":[3,0]},"meta":{"lastBranch":4,"lastFunction":1,"lastStatement":1,"seen":{"f:5:24:5:31":0,"b:5:72:5:76":0,"s:6:2:17:Infinity":0,"b:8:7:8:16:8:16:8:Infinity":1,"b:13:9:13:24:13:24:13:Infinity":2,"b:16:7:16:16:16:16:16:Infinity":3}}},"C:\\Users\\tayla\\OneDrive\\Masaüstü\\AYAZMA-ONE\\AYAZMA_ONE_v2\\src\\pages\\Dashboard.tsx":{"path":"C:\\Users\\tayla\\OneDrive\\Masaüstü\\AYAZMA-ONE\\AYAZMA_ONE_v2\\src\\pages\\Dashboard.tsx","statementMap":{"0":{"start":{"line":28,"column":32},"end":{"line":28,"column":null}},"1":{"start":{"line":29,"column":28},"end":{"line":29,"column":null}},"2":{"start":{"line":30,"column":52},"end":{"line":30,"column":null}},"3":{"start":{"line":32,"column":34},"end":{"line":37,"column":null}},"4":{"start":{"line":39,"column":28},"end":{"line":39,"column":null}},"5":{"start":{"line":40,"column":71},"end":{"line":46,"column":null}},"6":{"start":{"line":48,"column":2},"end":{"line":51,"column":null}},"7":{"start":{"line":49,"column":4},"end":{"line":49,"column":null}},"8":{"start":{"line":50,"column":4},"end":{"line":50,"column":null}},"9":{"start":{"line":53,"column":23},"end":{"line":62,"column":null}},"10":{"start":{"line":54,"column":4},"end":{"line":61,"column":null}},"11":{"start":{"line":55,"column":21},"end":{"line":55,"column":null}},"12":{"start":{"line":56,"column":6},"end":{"line":56,"column":null}},"13":{"start":{"line":56,"column":41},"end":{"line":56,"column":null}},"14":{"start":{"line":58,"column":6},"end":{"line":58,"column":null}},"15":{"start":{"line":60,"column":6},"end":{"line":60,"column":null}},"16":{"start":{"line":64,"column":22},"end":{"line":75,"column":null}},"17":{"start":{"line":65,"column":4},"end":{"line":74,"column":null}},"18":{"start":{"line":66,"column":21},"end":{"line":66,"column":null}},"19":{"start":{"line":67,"column":6},"end":{"line":71,"column":null}},"20":{"start":{"line":68,"column":8},"end":{"line":68,"column":null}},"21":{"start":{"line":70,"column":8},"end":{"line":70,"column":null}},"22":{"start":{"line":73,"column":6},"end":{"line":73,"column":null}},"23":{"start":{"line":77,"column":30},"end":{"line":97,"column":null}},"24":{"start":{"line":78,"column":4},"end":{"line":81,"column":null}},"25":{"start":{"line":79,"column":6},"end":{"line":79,"column":null}},"26":{"start":{"line":80,"column":6},"end":{"line":80,"column":null}},"27":{"start":{"line":83,"column":4},"end":{"line":96,"column":null}},"28":{"start":{"line":84,"column":21},"end":{"line":84,"column":null}},"29":{"start":{"line":86,"column":6},"end":{"line":93,"column":null}},"30":{"start":{"line":87,"column":8},"end":{"line":87,"column":null}},"31":{"start":{"line":88,"column":8},"end":{"line":88,"column":null}},"32":{"start":{"line":89,"column":8},"end":{"line":89,"column":null}},"33":{"start":{"line":90,"column":8},"end":{"line":90,"column":null}},"34":{"start":{"line":92,"column":8},"end":{"line":92,"column":null}},"35":{"start":{"line":95,"column":6},"end":{"line":95,"column":null}},"36":{"start":{"line":99,"column":25},"end":{"line":108,"column":null}},"37":{"start":{"line":100,"column":4},"end":{"line":107,"column":null}},"38":{"start":{"line":101,"column":19},"end":{"line":101,"column":null}},"39":{"start":{"line":102,"column":22},"end":{"line":102,"column":null}},"40":{"start":{"line":103,"column":25},"end":{"line":103,"column":null}},"41":{"start":{"line":104,"column":20},"end":{"line":104,"column":null}},"42":{"start":{"line":105,"column":21},"end":{"line":105,"column":null}},"43":{"start":{"line":106,"column":15},"end":{"line":106,"column":null}},"44":{"start":{"line":110,"column":25},"end":{"line":118,"column":null}},"45":{"start":{"line":111,"column":4},"end":{"line":117,"column":null}},"46":{"start":{"line":112,"column":20},"end":{"line":112,"column":null}},"47":{"start":{"line":113,"column":23},"end":{"line":113,"column":null}},"48":{"start":{"line":114,"column":19},"end":{"line":114,"column":null}},"49":{"start":{"line":115,"column":23},"end":{"line":115,"column":null}},"50":{"start":{"line":116,"column":15},"end":{"line":116,"column":null}},"51":{"start":{"line":120,"column":16},"end":{"line":124,"column":null}},"52":{"start":{"line":122,"column":50},"end":{"line":122,"column":96}},"53":{"start":{"line":123,"column":55},"end":{"line":123,"column":74}},"54":{"start":{"line":126,"column":2},"end":{"line":126,"column":null}},"55":{"start":{"line":126,"column":15},"end":{"line":126,"column":null}},"56":{"start":{"line":128,"column":2},"end":{"line":327,"column":null}},"57":{"start":{"line":136,"column":10},"end":{"line":153,"column":null}},"58":{"start":{"line":163,"column":31},"end":{"line":163,"column":61}},"59":{"start":{"line":180,"column":33},"end":{"line":180,"column":63}},"60":{"start":{"line":188,"column":12},"end":{"line":237,"column":null}},"61":{"start":{"line":259,"column":35},"end":{"line":259,"column":null}},"62":{"start":{"line":271,"column":37},"end":{"line":271,"column":null}},"63":{"start":{"line":281,"column":35},"end":{"line":281,"column":null}},"64":{"start":{"line":286,"column":20},"end":{"line":288,"column":null}},"65":{"start":{"line":299,"column":39},"end":{"line":299,"column":null}},"66":{"start":{"line":316,"column":55},"end":{"line":316,"column":86}}},"fnMap":{"0":{"name":"Dashboard","decl":{"start":{"line":27,"column":16},"end":{"line":27,"column":28}},"loc":{"start":{"line":27,"column":28},"end":{"line":329,"column":null}},"line":27},"1":{"name":"(anonymous_1)","decl":{"start":{"line":48,"column":18},"end":{"line":48,"column":24}},"loc":{"start":{"line":48,"column":24},"end":{"line":51,"column":5}},"line":48},"2":{"name":"(anonymous_2)","decl":{"start":{"line":53,"column":23},"end":{"line":53,"column":35}},"loc":{"start":{"line":53,"column":35},"end":{"line":62,"column":null}},"line":53},"3":{"name":"(anonymous_3)","decl":{"start":{"line":64,"column":22},"end":{"line":64,"column":34}},"loc":{"start":{"line":64,"column":34},"end":{"line":75,"column":null}},"line":64},"4":{"name":"(anonymous_4)","decl":{"start":{"line":77,"column":30},"end":{"line":77,"column":42}},"loc":{"start":{"line":77,"column":42},"end":{"line":97,"column":null}},"line":77},"5":{"name":"(anonymous_5)","decl":{"start":{"line":99,"column":25},"end":{"line":99,"column":26}},"loc":{"start":{"line":99,"column":43},"end":{"line":108,"column":null}},"line":99},"6":{"name":"(anonymous_6)","decl":{"start":{"line":110,"column":25},"end":{"line":110,"column":26}},"loc":{"start":{"line":110,"column":45},"end":{"line":118,"column":null}},"line":110},"7":{"name":"(anonymous_7)","decl":{"start":{"line":122,"column":45},"end":{"line":122,"column":50}},"loc":{"start":{"line":122,"column":50},"end":{"line":122,"column":96}},"line":122},"8":{"name":"(anonymous_8)","decl":{"start":{"line":123,"column":50},"end":{"line":123,"column":55}},"loc":{"start":{"line":123,"column":55},"end":{"line":123,"column":74}},"line":123},"9":{"name":"(anonymous_9)","decl":{"start":{"line":135,"column":19},"end":{"line":135,"column":20}},"loc":{"start":{"line":136,"column":10},"end":{"line":153,"column":null}},"line":136},"10":{"name":"(anonymous_10)","decl":{"start":{"line":163,"column":25},"end":{"line":163,"column":31}},"loc":{"start":{"line":163,"column":31},"end":{"line":163,"column":61}},"line":163},"11":{"name":"(anonymous_11)","decl":{"start":{"line":180,"column":27},"end":{"line":180,"column":33}},"loc":{"start":{"line":180,"column":33},"end":{"line":180,"column":63}},"line":180},"12":{"name":"(anonymous_12)","decl":{"start":{"line":187,"column":24},"end":{"line":187,"column":25}},"loc":{"start":{"line":188,"column":12},"end":{"line":237,"column":null}},"line":188},"13":{"name":"(anonymous_13)","decl":{"start":{"line":259,"column":28},"end":{"line":259,"column":29}},"loc":{"start":{"line":259,"column":35},"end":{"line":259,"column":null}},"line":259},"14":{"name":"(anonymous_14)","decl":{"start":{"line":271,"column":30},"end":{"line":271,"column":31}},"loc":{"start":{"line":271,"column":37},"end":{"line":271,"column":null}},"line":271},"15":{"name":"(anonymous_15)","decl":{"start":{"line":281,"column":28},"end":{"line":281,"column":29}},"loc":{"start":{"line":281,"column":35},"end":{"line":281,"column":null}},"line":281},"16":{"name":"(anonymous_16)","decl":{"start":{"line":285,"column":71},"end":{"line":285,"column":72}},"loc":{"start":{"line":286,"column":20},"end":{"line":288,"column":null}},"line":286},"17":{"name":"(anonymous_17)","decl":{"start":{"line":299,"column":32},"end":{"line":299,"column":33}},"loc":{"start":{"line":299,"column":39},"end":{"line":299,"column":null}},"line":299},"18":{"name":"(anonymous_18)","decl":{"start":{"line":316,"column":49},"end":{"line":316,"column":55}},"loc":{"start":{"line":316,"column":55},"end":{"line":316,"column":86}},"line":316}},"branchMap":{"0":{"loc":{"start":{"line":56,"column":6},"end":{"line":56,"column":null}},"type":"if","locations":[{"start":{"line":56,"column":6},"end":{"line":56,"column":null}},{"start":{},"end":{}}],"line":56},"1":{"loc":{"start":{"line":56,"column":10},"end":{"line":56,"column":41}},"type":"binary-expr","locations":[{"start":{"line":56,"column":10},"end":{"line":56,"column":28}},{"start":{"line":56,"column":28},"end":{"line":56,"column":41}}],"line":56},"2":{"loc":{"start":{"line":67,"column":6},"end":{"line":71,"column":null}},"type":"if","locations":[{"start":{"line":67,"column":6},"end":{"line":71,"column":null}},{"start":{"line":69,"column":13},"end":{"line":71,"column":null}}],"line":67},"3":{"loc":{"start":{"line":67,"column":10},"end":{"line":67,"column":82}},"type":"binary-expr","locations":[{"start":{"line":67,"column":10},"end":{"line":67,"column":28}},{"start":{"line":67,"column":28},"end":{"line":67,"column":58}},{"start":{"line":67,"column":58},"end":{"line":67,"column":82}}],"line":67},"4":{"loc":{"start":{"line":78,"column":4},"end":{"line":81,"column":null}},"type":"if","locations":[{"start":{"line":78,"column":4},"end":{"line":81,"column":null}},{"start":{},"end":{}}],"line":78},"5":{"loc":{"start":{"line":78,"column":8},"end":{"line":78,"column":48}},"type":"binary-expr","locations":[{"start":{"line":78,"column":8},"end":{"line":78,"column":28}},{"start":{"line":78,"column":28},"end":{"line":78,"column":48}}],"line":78},"6":{"loc":{"start":{"line":86,"column":6},"end":{"line":93,"column":null}},"type":"if","locations":[{"start":{"line":86,"column":6},"end":{"line":93,"column":null}},{"start":{"line":91,"column":13},"end":{"line":93,"column":null}}],"line":86},"7":{"loc":{"start":{"line":86,"column":10},"end":{"line":86,"column":41}},"type":"binary-expr","locations":[{"start":{"line":86,"column":10},"end":{"line":86,"column":28}},{"start":{"line":86,"column":28},"end":{"line":86,"column":41}}],"line":86},"8":{"loc":{"start":{"line":92,"column":20},"end":{"line":92,"column":79}},"type":"binary-expr","locations":[{"start":{"line":92,"column":20},"end":{"line":92,"column":45}},{"start":{"line":92,"column":45},"end":{"line":92,"column":79}}],"line":92},"9":{"loc":{"start":{"line":100,"column":4},"end":{"line":107,"column":null}},"type":"switch","locations":[{"start":{"line":101,"column":6},"end":{"line":101,"column":null}},{"start":{"line":102,"column":6},"end":{"line":102,"column":null}},{"start":{"line":103,"column":6},"end":{"line":103,"column":null}},{"start":{"line":104,"column":6},"end":{"line":104,"column":null}},{"start":{"line":105,"column":6},"end":{"line":105,"column":null}},{"start":{"line":106,"column":6},"end":{"line":106,"column":null}}],"line":100},"10":{"loc":{"start":{"line":111,"column":4},"end":{"line":117,"column":null}},"type":"switch","locations":[{"start":{"line":112,"column":6},"end":{"line":112,"column":null}},{"start":{"line":113,"column":6},"end":{"line":113,"column":null}},{"start":{"line":114,"column":6},"end":{"line":114,"column":null}},{"start":{"line":115,"column":6},"end":{"line":115,"column":null}},{"start":{"line":116,"column":6},"end":{"line":116,"column":null}}],"line":111},"11":{"loc":{"start":{"line":122,"column":50},"end":{"line":122,"column":96}},"type":"binary-expr","locations":[{"start":{"line":122,"column":50},"end":{"line":122,"column":77}},{"start":{"line":122,"column":77},"end":{"line":122,"column":96}}],"line":122},"12":{"loc":{"start":{"line":126,"column":2},"end":{"line":126,"column":null}},"type":"if","locations":[{"start":{"line":126,"column":2},"end":{"line":126,"column":null}},{"start":{},"end":{}}],"line":126},"13":{"loc":{"start":{"line":168,"column":7},"end":{"line":239,"column":null}},"type":"cond-expr","locations":[{"start":{"line":169,"column":8},"end":{"line":184,"column":null}},{"start":{"line":186,"column":8},"end":{"line":239,"column":null}}],"line":168},"14":{"loc":{"start":{"line":208,"column":19},"end":{"line":208,"column":null}},"type":"binary-expr","locations":[{"start":{"line":208,"column":19},"end":{"line":208,"column":42}},{"start":{"line":208,"column":42},"end":{"line":208,"column":null}}],"line":208},"15":{"loc":{"start":{"line":244,"column":9},"end":{"line":324,"column":null}},"type":"binary-expr","locations":[{"start":{"line":244,"column":9},"end":{"line":244,"column":null}},{"start":{"line":245,"column":10},"end":{"line":324,"column":null}}],"line":244},"16":{"loc":{"start":{"line":285,"column":20},"end":{"line":285,"column":67}},"type":"cond-expr","locations":[{"start":{"line":285,"column":41},"end":{"line":285,"column":51}},{"start":{"line":285,"column":51},"end":{"line":285,"column":67}}],"line":285}},"s":{"0":2,"1":2,"2":2,"3":2,"4":2,"5":2,"6":2,"7":1,"8":1,"9":2,"10":1,"11":1,"12":1,"13":1,"14":0,"15":1,"16":2,"17":1,"18":1,"19":1,"20":0,"21":1,"22":0,"23":2,"24":0,"25":0,"26":0,"27":0,"28":0,"29":0,"30":0,"31":0,"32":0,"33":0,"34":0,"35":0,"36":2,"37":0,"38":0,"39":0,"40":0,"41":0,"42":0,"43":0,"44":2,"45":0,"46":0,"47":0,"48":0,"49":0,"50":0,"51":2,"52":0,"53":0,"54":2,"55":1,"56":1,"57":3,"58":0,"59":0,"60":0,"61":0,"62":0,"63":0,"64":0,"65":0,"66":0},"f":{"0":2,"1":1,"2":1,"3":1,"4":0,"5":0,"6":0,"7":0,"8":0,"9":3,"10":0,"11":0,"12":0,"13":0,"14":0,"15":0,"16":0,"17":0,"18":0},"b":{"0":[1,0],"1":[1,1],"2":[0,1],"3":[1,1,1],"4":[0,0],"5":[0,0],"6":[0,0],"7":[0,0],"8":[0,0],"9":[0,0,0,0,0,0],"10":[0,0,0,0,0],"11":[0,0],"12":[1,1],"13":[1,0],"14":[0,0],"15":[2,0],"16":[0,0]},"meta":{"lastBranch":17,"lastFunction":19,"lastStatement":67,"seen":{"f:27:16:27:28":0,"s:28:32:28:Infinity":0,"s:29:28:29:Infinity":1,"s:30:52:30:Infinity":2,"s:32:34:37:Infinity":3,"s:39:28:39:Infinity":4,"s:40:71:46:Infinity":5,"s:48:2:51:Infinity":6,"f:48:18:48:24":1,"s:49:4:49:Infinity":7,"s:50:4:50:Infinity":8,"s:53:23:62:Infinity":9,"f:53:23:53:35":2,"s:54:4:61:Infinity":10,"s:55:21:55:Infinity":11,"b:56:6:56:Infinity:undefined:undefined:undefined:undefined":0,"s:56:6:56:Infinity":12,"b:56:10:56:28:56:28:56:41":1,"s:56:41:56:Infinity":13,"s:58:6:58:Infinity":14,"s:60:6:60:Infinity":15,"s:64:22:75:Infinity":16,"f:64:22:64:34":3,"s:65:4:74:Infinity":17,"s:66:21:66:Infinity":18,"b:67:6:71:Infinity:69:13:71:Infinity":2,"s:67:6:71:Infinity":19,"b:67:10:67:28:67:28:67:58:67:58:67:82":3,"s:68:8:68:Infinity":20,"s:70:8:70:Infinity":21,"s:73:6:73:Infinity":22,"s:77:30:97:Infinity":23,"f:77:30:77:42":4,"b:78:4:81:Infinity:undefined:undefined:undefined:undefined":4,"s:78:4:81:Infinity":24,"b:78:8:78:28:78:28:78:48":5,"s:79:6:79:Infinity":25,"s:80:6:80:Infinity":26,"s:83:4:96:Infinity":27,"s:84:21:84:Infinity":28,"b:86:6:93:Infinity:91:13:93:Infinity":6,"s:86:6:93:Infinity":29,"b:86:10:86:28:86:28:86:41":7,"s:87:8:87:Infinity":30,"s:88:8:88:Infinity":31,"s:89:8:89:Infinity":32,"s:90:8:90:Infinity":33,"s:92:8:92:Infinity":34,"b:92:20:92:45:92:45:92:79":8,"s:95:6:95:Infinity":35,"s:99:25:108:Infinity":36,"f:99:25:99:26":5,"b:101:6:101:Infinity:102:6:102:Infinity:103:6:103:Infinity:104:6:104:Infinity:105:6:105:Infinity:106:6:106:Infinity":9,"s:100:4:107:Infinity":37,"s:101:19:101:Infinity":38,"s:102:22:102:Infinity":39,"s:103:25:103:Infinity":40,"s:104:20:104:Infinity":41,"s:105:21:105:Infinity":42,"s:106:15:106:Infinity":43,"s:110:25:118:Infinity":44,"f:110:25:110:26":6,"b:112:6:112:Infinity:113:6:113:Infinity:114:6:114:Infinity:115:6:115:Infinity:116:6:116:Infinity":10,"s:111:4:117:Infinity":45,"s:112:20:112:Infinity":46,"s:113:23:113:Infinity":47,"s:114:19:114:Infinity":48,"s:115:23:115:Infinity":49,"s:116:15:116:Infinity":50,"s:120:16:124:Infinity":51,"f:122:45:122:50":7,"s:122:50:122:96":52,"b:122:50:122:77:122:77:122:96":11,"f:123:50:123:55":8,"s:123:55:123:74":53,"b:126:2:126:Infinity:undefined:undefined:undefined:undefined":12,"s:126:2:126:Infinity":54,"s:126:15:126:Infinity":55,"s:128:2:327:Infinity":56,"f:135:19:135:20":9,"s:136:10:153:Infinity":57,"f:163:25:163:31":10,"s:163:31:163:61":58,"b:169:8:184:Infinity:186:8:239:Infinity":13,"f:180:27:180:33":11,"s:180:33:180:63":59,"f:187:24:187:25":12,"s:188:12:237:Infinity":60,"b:208:19:208:42:208:42:208:Infinity":14,"b:244:9:244:Infinity:245:10:324:Infinity":15,"f:259:28:259:29":13,"s:259:35:259:Infinity":61,"f:271:30:271:31":14,"s:271:37:271:Infinity":62,"f:281:28:281:29":15,"s:281:35:281:Infinity":63,"b:285:41:285:51:285:51:285:67":16,"f:285:71:285:72":16,"s:286:20:288:Infinity":64,"f:299:32:299:33":17,"s:299:39:299:Infinity":65,"f:316:49:316:55":18,"s:316:55:316:86":66}}}}}