{"C:\\Users\\tayla\\OneDrive\\Masaüstü\\AYAZMA-ONE\\AYAZMA_ONE_v2\\shared\\supabaseClientFactory.ts": {"path":"C:\\Users\\tayla\\OneDrive\\Masaüstü\\AYAZMA-ONE\\AYAZMA_ONE_v2\\shared\\supabaseClientFactory.ts","statementMap":{"0":{"start":{"line":6,"column":2},"end":{"line":6,"column":null}},"1":{"start":{"line":6,"column":23},"end":{"line":6,"column":null}},"2":{"start":{"line":7,"column":2},"end":{"line":7,"column":null}},"3":{"start":{"line":7,"column":33},"end":{"line":7,"column":null}},"4":{"start":{"line":9,"column":8},"end":{"line":11,"column":null}},"5":{"start":{"line":13,"column":24},"end":{"line":23,"column":null}},"6":{"start":{"line":14,"column":4},"end":{"line":22,"column":null}},"7":{"start":{"line":15,"column":18},"end":{"line":17,"column":null}},"8":{"start":{"line":18,"column":6},"end":{"line":18,"column":null}},"9":{"start":{"line":18,"column":19},"end":{"line":18,"column":null}},"10":{"start":{"line":19,"column":6},"end":{"line":19,"column":null}},"11":{"start":{"line":21,"column":6},"end":{"line":21,"column":null}},"12":{"start":{"line":25,"column":27},"end":{"line":35,"column":null}},"13":{"start":{"line":26,"column":4},"end":{"line":34,"column":null}},"14":{"start":{"line":27,"column":24},"end":{"line":27,"column":null}},"15":{"start":{"line":28,"column":6},"end":{"line":28,"column":null}},"16":{"start":{"line":28,"column":17},"end":{"line":28,"column":null}},"17":{"start":{"line":29,"column":22},"end":{"line":29,"column":null}},"18":{"start":{"line":30,"column":6},"end":{"line":30,"column":null}},"19":{"start":{"line":30,"column":28},"end":{"line":30,"column":null}},"20":{"start":{"line":31,"column":6},"end":{"line":31,"column":null}},"21":{"start":{"line":33,"column":6},"end":{"line":33,"column":null}},"22":{"start":{"line":37,"column":15},"end":{"line":65,"column":null}},"23":{"start":{"line":37,"column":44},"end":{"line":65,"column":null}},"24":{"start":{"line":39,"column":20},"end":{"line":39,"column":null}},"25":{"start":{"line":40,"column":6},"end":{"line":40,"column":null}},"26":{"start":{"line":40,"column":50},"end":{"line":40,"column":64}},"27":{"start":{"line":41,"column":30},"end":{"line":41,"column":null}},"28":{"start":{"line":42,"column":6},"end":{"line":42,"column":null}},"29":{"start":{"line":42,"column":17},"end":{"line":42,"column":null}},"30":{"start":{"line":43,"column":6},"end":{"line":43,"column":null}},"31":{"start":{"line":46,"column":30},"end":{"line":46,"column":null}},"32":{"start":{"line":47,"column":6},"end":{"line":47,"column":null}},"33":{"start":{"line":47,"column":17},"end":{"line":47,"column":null}},"34":{"start":{"line":48,"column":6},"end":{"line":48,"column":null}},"35":{"start":{"line":51,"column":30},"end":{"line":51,"column":null}},"36":{"start":{"line":52,"column":6},"end":{"line":52,"column":null}},"37":{"start":{"line":52,"column":17},"end":{"line":52,"column":null}},"38":{"start":{"line":53,"column":6},"end":{"line":53,"column":null}},"39":{"start":{"line":56,"column":30},"end":{"line":56,"column":null}},"40":{"start":{"line":57,"column":6},"end":{"line":57,"column":null}},"41":{"start":{"line":57,"column":17},"end":{"line":57,"column":null}},"42":{"start":{"line":58,"column":6},"end":{"line":58,"column":null}},"43":{"start":{"line":61,"column":24},"end":{"line":61,"column":null}},"44":{"start":{"line":62,"column":6},"end":{"line":62,"column":null}},"45":{"start":{"line":62,"column":17},"end":{"line":62,"column":null}},"46":{"start":{"line":63,"column":6},"end":{"line":63,"column":null}},"47":{"start":{"line":67,"column":2},"end":{"line":67,"column":null}}},"fnMap":{"0":{"name":"createSupabaseClient","decl":{"start":{"line":5,"column":16},"end":{"line":5,"column":37}},"loc":{"start":{"line":5,"column":66},"end":{"line":68,"column":null}},"line":5},"1":{"name":"(anonymous_1)","decl":{"start":{"line":13,"column":24},"end":{"line":13,"column":66}},"loc":{"start":{"line":13,"column":66},"end":{"line":23,"column":null}},"line":13},"2":{"name":"(anonymous_2)","decl":{"start":{"line":25,"column":27},"end":{"line":25,"column":69}},"loc":{"start":{"line":25,"column":69},"end":{"line":35,"column":null}},"line":25},"3":{"name":"(anonymous_3)","decl":{"start":{"line":37,"column":15},"end":{"line":37,"column":25}},"loc":{"start":{"line":37,"column":44},"end":{"line":65,"column":null}},"line":37},"4":{"name":"(anonymous_4)","decl":{"start":{"line":38,"column":10},"end":{"line":38,"column":17}},"loc":{"start":{"line":38,"column":81},"end":{"line":44,"column":null}},"line":38},"5":{"name":"(anonymous_5)","decl":{"start":{"line":40,"column":38},"end":{"line":40,"column":39}},"loc":{"start":{"line":40,"column":50},"end":{"line":40,"column":64}},"line":40},"6":{"name":"(anonymous_6)","decl":{"start":{"line":45,"column":13},"end":{"line":45,"column":20}},"loc":{"start":{"line":45,"column":59},"end":{"line":49,"column":null}},"line":45},"7":{"name":"(anonymous_7)","decl":{"start":{"line":50,"column":12},"end":{"line":50,"column":19}},"loc":{"start":{"line":50,"column":67},"end":{"line":54,"column":null}},"line":50},"8":{"name":"(anonymous_8)","decl":{"start":{"line":55,"column":12},"end":{"line":55,"column":19}},"loc":{"start":{"line":55,"column":79},"end":{"line":59,"column":null}},"line":55},"9":{"name":"(anonymous_9)","decl":{"start":{"line":60,"column":12},"end":{"line":60,"column":19}},"loc":{"start":{"line":60,"column":61},"end":{"line":64,"column":null}},"line":60}},"branchMap":{"0":{"loc":{"start":{"line":6,"column":2},"end":{"line":6,"column":null}},"type":"if","locations":[{"start":{"line":6,"column":2},"end":{"line":6,"column":null}},{"start":{},"end":{}}],"line":6},"1":{"loc":{"start":{"line":6,"column":6},"end":{"line":6,"column":23}},"type":"binary-expr","locations":[{"start":{"line":6,"column":6},"end":{"line":6,"column":14}},{"start":{"line":6,"column":14},"end":{"line":6,"column":23}}],"line":6},"2":{"loc":{"start":{"line":7,"column":2},"end":{"line":7,"column":null}},"type":"if","locations":[{"start":{"line":7,"column":2},"end":{"line":7,"column":null}},{"start":{},"end":{}}],"line":7},"3":{"loc":{"start":{"line":18,"column":6},"end":{"line":18,"column":null}},"type":"if","locations":[{"start":{"line":18,"column":6},"end":{"line":18,"column":null}},{"start":{},"end":{}}],"line":18},"4":{"loc":{"start":{"line":21,"column":38},"end":{"line":21,"column":70}},"type":"binary-expr","locations":[{"start":{"line":21,"column":38},"end":{"line":21,"column":52}},{"start":{"line":21,"column":52},"end":{"line":21,"column":70}}],"line":21},"5":{"loc":{"start":{"line":28,"column":6},"end":{"line":28,"column":null}},"type":"if","locations":[{"start":{"line":28,"column":6},"end":{"line":28,"column":null}},{"start":{},"end":{}}],"line":28},"6":{"loc":{"start":{"line":30,"column":6},"end":{"line":30,"column":null}},"type":"if","locations":[{"start":{"line":30,"column":6},"end":{"line":30,"column":null}},{"start":{},"end":{}}],"line":30},"7":{"loc":{"start":{"line":33,"column":38},"end":{"line":33,"column":80}},"type":"binary-expr","locations":[{"start":{"line":33,"column":38},"end":{"line":33,"column":52}},{"start":{"line":33,"column":52},"end":{"line":33,"column":80}}],"line":33},"8":{"loc":{"start":{"line":38,"column":17},"end":{"line":38,"column":81}},"type":"default-arg","locations":[{"start":{"line":38,"column":48},"end":{"line":38,"column":81}}],"line":38},"9":{"loc":{"start":{"line":42,"column":6},"end":{"line":42,"column":null}},"type":"if","locations":[{"start":{"line":42,"column":6},"end":{"line":42,"column":null}},{"start":{},"end":{}}],"line":42},"10":{"loc":{"start":{"line":43,"column":37},"end":{"line":43,"column":56}},"type":"binary-expr","locations":[{"start":{"line":43,"column":37},"end":{"line":43,"column":53}},{"start":{"line":43,"column":53},"end":{"line":43,"column":56}}],"line":43},"11":{"loc":{"start":{"line":47,"column":6},"end":{"line":47,"column":null}},"type":"if","locations":[{"start":{"line":47,"column":6},"end":{"line":47,"column":null}},{"start":{},"end":{}}],"line":47},"12":{"loc":{"start":{"line":52,"column":6},"end":{"line":52,"column":null}},"type":"if","locations":[{"start":{"line":52,"column":6},"end":{"line":52,"column":null}},{"start":{},"end":{}}],"line":52},"13":{"loc":{"start":{"line":57,"column":6},"end":{"line":57,"column":null}},"type":"if","locations":[{"start":{"line":57,"column":6},"end":{"line":57,"column":null}},{"start":{},"end":{}}],"line":57},"14":{"loc":{"start":{"line":62,"column":6},"end":{"line":62,"column":null}},"type":"if","locations":[{"start":{"line":62,"column":6},"end":{"line":62,"column":null}},{"start":{},"end":{}}],"line":62}},"s":{"0":3,"1":0,"2":3,"3":1,"4":2,"5":2,"6":1,"7":1,"8":1,"9":0,"10":1,"11":0,"12":2,"13":1,"14":1,"15":1,"16":0,"17":1,"18":1,"19":0,"20":1,"21":0,"22":2,"23":1,"24":1,"25":1,"26":0,"27":1,"28":1,"29":0,"30":1,"31":0,"32":0,"33":0,"34":0,"35":0,"36":0,"37":0,"38":0,"39":0,"40":0,"41":0,"42":0,"43":0,"44":0,"45":0,"46":0,"47":2},"f":{"0":3,"1":1,"2":1,"3":1,"4":1,"5":0,"6":0,"7":0,"8":0,"9":0},"b":{"0":[0,3],"1":[3,3],"2":[1,2],"3":[0,1],"4":[0,0],"5":[0,1],"6":[0,1],"7":[0,0],"8":[1],"9":[0,1],"10":[1,0],"11":[0,0],"12":[0,0],"13":[0,0],"14":[0,0]},"meta":{"lastBranch":15,"lastFunction":10,"lastStatement":48,"seen":{"f:5:16:5:37":0,"b:6:2:6:Infinity:undefined:undefined:undefined:undefined":0,"s:6:2:6:Infinity":0,"b:6:6:6:14:6:14:6:23":1,"s:6:23:6:Infinity":1,"b:7:2:7:Infinity:undefined:undefined:undefined:undefined":2,"s:7:2:7:Infinity":2,"s:7:33:7:Infinity":3,"s:9:8:11:Infinity":4,"s:13:24:23:Infinity":5,"f:13:24:13:66":1,"s:14:4:22:Infinity":6,"s:15:18:17:Infinity":7,"b:18:6:18:Infinity:undefined:undefined:undefined:undefined":3,"s:18:6:18:Infinity":8,"s:18:19:18:Infinity":9,"s:19:6:19:Infinity":10,"s:21:6:21:Infinity":11,"b:21:38:21:52:21:52:21:70":4,"s:25:27:35:Infinity":12,"f:25:27:25:69":2,"s:26:4:34:Infinity":13,"s:27:24:27:Infinity":14,"b:28:6:28:Infinity:undefined:undefined:undefined:undefined":5,"s:28:6:28:Infinity":15,"s:28:17:28:Infinity":16,"s:29:22:29:Infinity":17,"b:30:6:30:Infinity:undefined:undefined:undefined:undefined":6,"s:30:6:30:Infinity":18,"s:30:28:30:Infinity":19,"s:31:6:31:Infinity":20,"s:33:6:33:Infinity":21,"b:33:38:33:52:33:52:33:80":7,"s:37:15:65:Infinity":22,"f:37:15:37:25":3,"s:37:44:65:Infinity":23,"f:38:10:38:17":4,"b:38:48:38:81":8,"s:39:20:39:Infinity":24,"s:40:6:40:Infinity":25,"f:40:38:40:39":5,"s:40:50:40:64":26,"s:41:30:41:Infinity":27,"b:42:6:42:Infinity:undefined:undefined:undefined:undefined":9,"s:42:6:42:Infinity":28,"s:42:17:42:Infinity":29,"s:43:6:43:Infinity":30,"b:43:37:43:53:43:53:43:56":10,"f:45:13:45:20":6,"s:46:30:46:Infinity":31,"b:47:6:47:Infinity:undefined:undefined:undefined:undefined":11,"s:47:6:47:Infinity":32,"s:47:17:47:Infinity":33,"s:48:6:48:Infinity":34,"f:50:12:50:19":7,"s:51:30:51:Infinity":35,"b:52:6:52:Infinity:undefined:undefined:undefined:undefined":12,"s:52:6:52:Infinity":36,"s:52:17:52:Infinity":37,"s:53:6:53:Infinity":38,"f:55:12:55:19":8,"s:56:30:56:Infinity":39,"b:57:6:57:Infinity:undefined:undefined:undefined:undefined":13,"s:57:6:57:Infinity":40,"s:57:17:57:Infinity":41,"s:58:6:58:Infinity":42,"f:60:12:60:19":9,"s:61:24:61:Infinity":43,"b:62:6:62:Infinity:undefined:undefined:undefined:undefined":14,"s:62:6:62:Infinity":44,"s:62:17:62:Infinity":45,"s:63:6:63:Infinity":46,"s:67:2:67:Infinity":47}}}
,"C:\\Users\\tayla\\OneDrive\\Masaüstü\\AYAZMA-ONE\\AYAZMA_ONE_v2\\src\\components\\ui\\Button.tsx": {"path":"C:\\Users\\tayla\\OneDrive\\Masaüstü\\AYAZMA-ONE\\AYAZMA_ONE_v2\\src\\components\\ui\\Button.tsx","statementMap":{"0":{"start":{"line":17,"column":4},"end":{"line":17,"column":null}},"1":{"start":{"line":18,"column":41},"end":{"line":26,"column":null}},"2":{"start":{"line":28,"column":2},"end":{"line":35,"column":null}}},"fnMap":{"0":{"name":"Button","decl":{"start":{"line":10,"column":24},"end":{"line":10,"column":31}},"loc":{"start":{"line":15,"column":10},"end":{"line":37,"column":null}},"line":15}},"branchMap":{"0":{"loc":{"start":{"line":11,"column":2},"end":{"line":11,"column":null}},"type":"default-arg","locations":[{"start":{"line":11,"column":12},"end":{"line":11,"column":null}}],"line":11},"1":{"loc":{"start":{"line":12,"column":2},"end":{"line":12,"column":null}},"type":"default-arg","locations":[{"start":{"line":12,"column":14},"end":{"line":12,"column":null}}],"line":12},"2":{"loc":{"start":{"line":13,"column":2},"end":{"line":13,"column":null}},"type":"default-arg","locations":[{"start":{"line":13,"column":13},"end":{"line":13,"column":null}}],"line":13}},"s":{"0":7,"1":7,"2":7},"f":{"0":7},"b":{"0":[7],"1":[7],"2":[7]},"meta":{"lastBranch":3,"lastFunction":1,"lastStatement":3,"seen":{"f:10:24:10:31":0,"b:11:12:11:Infinity":0,"b:12:14:12:Infinity":1,"b:13:13:13:Infinity":2,"s:17:4:17:Infinity":0,"s:18:41:26:Infinity":1,"s:28:2:35:Infinity":2}}}
,"C:\\Users\\tayla\\OneDrive\\Masaüstü\\AYAZMA-ONE\\AYAZMA_ONE_v2\\src\\components\\ui\\Card.tsx": {"path":"C:\\Users\\tayla\\OneDrive\\Masaüstü\\AYAZMA-ONE\\AYAZMA_ONE_v2\\src\\components\\ui\\Card.tsx","statementMap":{"0":{"start":{"line":7,"column":2},"end":{"line":16,"column":null}}},"fnMap":{"0":{"name":"Card","decl":{"start":{"line":6,"column":24},"end":{"line":6,"column":29}},"loc":{"start":{"line":6,"column":80},"end":{"line":18,"column":null}},"line":6}},"branchMap":{"0":{"loc":{"start":{"line":6,"column":41},"end":{"line":6,"column":57}},"type":"default-arg","locations":[{"start":{"line":6,"column":53},"end":{"line":6,"column":57}}],"line":6},"1":{"loc":{"start":{"line":6,"column":57},"end":{"line":6,"column":70}},"type":"default-arg","locations":[{"start":{"line":6,"column":65},"end":{"line":6,"column":70}}],"line":6},"2":{"loc":{"start":{"line":12,"column":18},"end":{"line":12,"column":null}},"type":"cond-expr","locations":[{"start":{"line":12,"column":26},"end":{"line":12,"column":51}},{"start":{"line":12,"column":51},"end":{"line":12,"column":null}}],"line":12}},"s":{"0":5},"f":{"0":5},"b":{"0":[5],"1":[5],"2":[4,1]},"meta":{"lastBranch":3,"lastFunction":1,"lastStatement":1,"seen":{"f:6:24:6:29":0,"b:6:53:6:57":0,"b:6:65:6:70":1,"s:7:2:16:Infinity":0,"b:12:26:12:51:12:51:12:Infinity":2}}}
,"C:\\Users\\tayla\\OneDrive\\Masaüstü\\AYAZMA-ONE\\AYAZMA_ONE_v2\\src\\components\\ui\\Input.tsx": {"path":"C:\\Users\\tayla\\OneDrive\\Masaüstü\\AYAZMA-ONE\\AYAZMA_ONE_v2\\src\\components\\ui\\Input.tsx","statementMap":{"0":{"start":{"line":19,"column":2},"end":{"line":37,"column":null}}},"fnMap":{"0":{"name":"Input","decl":{"start":{"line":11,"column":24},"end":{"line":11,"column":30}},"loc":{"start":{"line":18,"column":10},"end":{"line":39,"column":null}},"line":18}},"branchMap":{"0":{"loc":{"start":{"line":15,"column":2},"end":{"line":15,"column":null}},"type":"default-arg","locations":[{"start":{"line":15,"column":13},"end":{"line":15,"column":null}}],"line":15},"1":{"loc":{"start":{"line":16,"column":2},"end":{"line":16,"column":null}},"type":"default-arg","locations":[{"start":{"line":16,"column":14},"end":{"line":16,"column":null}}],"line":16},"2":{"loc":{"start":{"line":21,"column":7},"end":{"line":22,"column":null}},"type":"binary-expr","locations":[{"start":{"line":21,"column":7},"end":{"line":21,"column":null}},{"start":{"line":22,"column":8},"end":{"line":22,"column":null}}],"line":21},"3":{"loc":{"start":{"line":25,"column":9},"end":{"line":28,"column":null}},"type":"binary-expr","locations":[{"start":{"line":25,"column":9},"end":{"line":25,"column":null}},{"start":{"line":26,"column":10},"end":{"line":28,"column":null}}],"line":25},"4":{"loc":{"start":{"line":32,"column":31},"end":{"line":32,"column":50}},"type":"cond-expr","locations":[{"start":{"line":32,"column":38},"end":{"line":32,"column":48}},{"start":{"line":32,"column":48},"end":{"line":32,"column":50}}],"line":32},"5":{"loc":{"start":{"line":36,"column":7},"end":{"line":36,"column":null}},"type":"binary-expr","locations":[{"start":{"line":36,"column":7},"end":{"line":36,"column":16}},{"start":{"line":36,"column":16},"end":{"line":36,"column":null}}],"line":36}},"s":{"0":9},"f":{"0":9},"b":{"0":[9],"1":[9],"2":[9,2],"3":[9,2],"4":[2,7],"5":[9,1]},"meta":{"lastBranch":6,"lastFunction":1,"lastStatement":1,"seen":{"f:11:24:11:30":0,"b:15:13:15:Infinity":0,"b:16:14:16:Infinity":1,"s:19:2:37:Infinity":0,"b:21:7:21:Infinity:22:8:22:Infinity":2,"b:25:9:25:Infinity:26:10:28:Infinity":3,"b:32:38:32:48:32:48:32:50":4,"b:36:7:36:16:36:16:36:Infinity":5}}}
}
