{"C:\\Users\\tayla\\OneDrive\\Masaüstü\\AYAZMA-ONE\\AYAZMA_ONE_v2\\src\\components\\AdminPanel\\DynamicCrud.tsx": {"path":"C:\\Users\\tayla\\OneDrive\\Masaüstü\\AYAZMA-ONE\\AYAZMA_ONE_v2\\src\\components\\AdminPanel\\DynamicCrud.tsx","statementMap":{"0":{"start":{"line":10,"column":37},"end":{"line":132,"column":null}},"1":{"start":{"line":11,"column":10},"end":{"line":11,"column":null}},"2":{"start":{"line":12,"column":42},"end":{"line":12,"column":null}},"3":{"start":{"line":13,"column":24},"end":{"line":13,"column":null}},"4":{"start":{"line":14,"column":30},"end":{"line":14,"column":null}},"5":{"start":{"line":16,"column":45},"end":{"line":16,"column":null}},"6":{"start":{"line":18,"column":21},"end":{"line":30,"column":null}},"7":{"start":{"line":19,"column":8},"end":{"line":19,"column":null}},"8":{"start":{"line":20,"column":8},"end":{"line":29,"column":null}},"9":{"start":{"line":21,"column":36},"end":{"line":21,"column":null}},"10":{"start":{"line":22,"column":12},"end":{"line":22,"column":null}},"11":{"start":{"line":22,"column":23},"end":{"line":22,"column":null}},"12":{"start":{"line":23,"column":12},"end":{"line":23,"column":null}},"13":{"start":{"line":25,"column":12},"end":{"line":25,"column":null}},"14":{"start":{"line":26,"column":12},"end":{"line":26,"column":null}},"15":{"start":{"line":28,"column":12},"end":{"line":28,"column":null}},"16":{"start":{"line":32,"column":30},"end":{"line":35,"column":null}},"17":{"start":{"line":33,"column":8},"end":{"line":33,"column":null}},"18":{"start":{"line":34,"column":8},"end":{"line":34,"column":null}},"19":{"start":{"line":37,"column":4},"end":{"line":37,"column":null}},"20":{"start":{"line":37,"column":17},"end":{"line":37,"column":null}},"21":{"start":{"line":39,"column":4},"end":{"line":130,"column":null}},"22":{"start":{"line":48,"column":24},"end":{"line":58,"column":null}},"23":{"start":{"line":54,"column":47},"end":{"line":54,"column":null}},"24":{"start":{"line":85,"column":52},"end":{"line":90,"column":null}},"25":{"start":{"line":96,"column":48},"end":{"line":106,"column":null}},"26":{"start":{"line":98,"column":56},"end":{"line":104,"column":null}},"27":{"start":{"line":134,"column":21},"end":{"line":161,"column":null}},"28":{"start":{"line":135,"column":4},"end":{"line":137,"column":null}},"29":{"start":{"line":136,"column":8},"end":{"line":136,"column":null}},"30":{"start":{"line":139,"column":4},"end":{"line":150,"column":null}},"31":{"start":{"line":140,"column":8},"end":{"line":148,"column":null}},"32":{"start":{"line":152,"column":4},"end":{"line":154,"column":null}},"33":{"start":{"line":153,"column":8},"end":{"line":153,"column":null}},"34":{"start":{"line":156,"column":4},"end":{"line":158,"column":null}},"35":{"start":{"line":157,"column":8},"end":{"line":157,"column":null}},"36":{"start":{"line":160,"column":4},"end":{"line":160,"column":null}}},"fnMap":{"0":{"name":"(anonymous_0)","decl":{"start":{"line":10,"column":37},"end":{"line":10,"column":43}},"loc":{"start":{"line":10,"column":43},"end":{"line":132,"column":null}},"line":10},"1":{"name":"(anonymous_1)","decl":{"start":{"line":18,"column":21},"end":{"line":18,"column":28}},"loc":{"start":{"line":18,"column":46},"end":{"line":30,"column":null}},"line":18},"2":{"name":"(anonymous_2)","decl":{"start":{"line":32,"column":30},"end":{"line":32,"column":31}},"loc":{"start":{"line":32,"column":49},"end":{"line":35,"column":null}},"line":32},"3":{"name":"(anonymous_3)","decl":{"start":{"line":47,"column":45},"end":{"line":47,"column":46}},"loc":{"start":{"line":48,"column":24},"end":{"line":58,"column":null}},"line":48},"4":{"name":"(anonymous_4)","decl":{"start":{"line":54,"column":41},"end":{"line":54,"column":47}},"loc":{"start":{"line":54,"column":47},"end":{"line":54,"column":null}},"line":54},"5":{"name":"(anonymous_5)","decl":{"start":{"line":84,"column":71},"end":{"line":84,"column":72}},"loc":{"start":{"line":85,"column":52},"end":{"line":90,"column":null}},"line":85},"6":{"name":"(anonymous_6)","decl":{"start":{"line":95,"column":54},"end":{"line":95,"column":55}},"loc":{"start":{"line":96,"column":48},"end":{"line":106,"column":null}},"line":96},"7":{"name":"(anonymous_7)","decl":{"start":{"line":97,"column":75},"end":{"line":97,"column":76}},"loc":{"start":{"line":98,"column":56},"end":{"line":104,"column":null}},"line":98},"8":{"name":"(anonymous_8)","decl":{"start":{"line":134,"column":21},"end":{"line":134,"column":22}},"loc":{"start":{"line":134,"column":77},"end":{"line":161,"column":null}},"line":134}},"branchMap":{"0":{"loc":{"start":{"line":16,"column":45},"end":{"line":16,"column":null}},"type":"cond-expr","locations":[{"start":{"line":16,"column":61},"end":{"line":16,"column":85}},{"start":{"line":16,"column":85},"end":{"line":16,"column":null}}],"line":16},"1":{"loc":{"start":{"line":22,"column":12},"end":{"line":22,"column":null}},"type":"if","locations":[{"start":{"line":22,"column":12},"end":{"line":22,"column":null}},{"start":{},"end":{}}],"line":22},"2":{"loc":{"start":{"line":37,"column":4},"end":{"line":37,"column":null}},"type":"if","locations":[{"start":{"line":37,"column":4},"end":{"line":37,"column":null}},{"start":{},"end":{}}],"line":37},"3":{"loc":{"start":{"line":50,"column":99},"end":{"line":52,"column":null}},"type":"cond-expr","locations":[{"start":{"line":51,"column":42},"end":{"line":51,"column":null}},{"start":{"line":52,"column":42},"end":{"line":52,"column":null}}],"line":50},"4":{"loc":{"start":{"line":65,"column":17},"end":{"line":127,"column":null}},"type":"cond-expr","locations":[{"start":{"line":66,"column":20},"end":{"line":123,"column":null}},{"start":{"line":125,"column":20},"end":{"line":127,"column":null}}],"line":65},"5":{"loc":{"start":{"line":77,"column":29},"end":{"line":120,"column":null}},"type":"cond-expr","locations":[{"start":{"line":78,"column":32},"end":{"line":78,"column":null}},{"start":{"line":80,"column":32},"end":{"line":120,"column":null}}],"line":77},"6":{"loc":{"start":{"line":108,"column":45},"end":{"line":116,"column":null}},"type":"binary-expr","locations":[{"start":{"line":108,"column":45},"end":{"line":108,"column":null}},{"start":{"line":109,"column":48},"end":{"line":116,"column":null}}],"line":108},"7":{"loc":{"start":{"line":135,"column":4},"end":{"line":137,"column":null}},"type":"if","locations":[{"start":{"line":135,"column":4},"end":{"line":137,"column":null}},{"start":{},"end":{}}],"line":135},"8":{"loc":{"start":{"line":135,"column":8},"end":{"line":135,"column":47}},"type":"binary-expr","locations":[{"start":{"line":135,"column":8},"end":{"line":135,"column":26}},{"start":{"line":135,"column":26},"end":{"line":135,"column":47}}],"line":135},"9":{"loc":{"start":{"line":139,"column":4},"end":{"line":150,"column":null}},"type":"if","locations":[{"start":{"line":139,"column":4},"end":{"line":150,"column":null}},{"start":{},"end":{}}],"line":139},"10":{"loc":{"start":{"line":142,"column":95},"end":{"line":144,"column":null}},"type":"cond-expr","locations":[{"start":{"line":143,"column":26},"end":{"line":143,"column":null}},{"start":{"line":144,"column":26},"end":{"line":144,"column":null}}],"line":142},"11":{"loc":{"start":{"line":147,"column":17},"end":{"line":147,"column":null}},"type":"cond-expr","locations":[{"start":{"line":147,"column":25},"end":{"line":147,"column":34}},{"start":{"line":147,"column":34},"end":{"line":147,"column":null}}],"line":147},"12":{"loc":{"start":{"line":152,"column":4},"end":{"line":154,"column":null}},"type":"if","locations":[{"start":{"line":152,"column":4},"end":{"line":154,"column":null}},{"start":{},"end":{}}],"line":152},"13":{"loc":{"start":{"line":156,"column":4},"end":{"line":158,"column":null}},"type":"if","locations":[{"start":{"line":156,"column":4},"end":{"line":158,"column":null}},{"start":{},"end":{}}],"line":156}},"s":{"0":1,"1":7,"2":7,"3":7,"4":7,"5":7,"6":7,"7":1,"8":1,"9":1,"10":1,"11":0,"12":1,"13":0,"14":0,"15":1,"16":7,"17":1,"18":1,"19":7,"20":0,"21":6,"22":6,"23":1,"24":4,"25":0,"26":0,"27":1,"28":0,"29":0,"30":0,"31":0,"32":0,"33":0,"34":0,"35":0,"36":0},"f":{"0":7,"1":1,"2":1,"3":6,"4":1,"5":4,"6":0,"7":0,"8":0},"b":{"0":[2,4],"1":[0,1],"2":[0,7],"3":[2,4],"4":[2,4],"5":[1,1],"6":[1,1],"7":[0,0],"8":[0,0],"9":[0,0],"10":[0,0],"11":[0,0],"12":[0,0],"13":[0,0]},"meta":{"lastBranch":14,"lastFunction":9,"lastStatement":37,"seen":{"s:10:37:132:Infinity":0,"f:10:37:10:43":0,"s:11:10:11:Infinity":1,"s:12:42:12:Infinity":2,"s:13:24:13:Infinity":3,"s:14:30:14:Infinity":4,"s:16:45:16:Infinity":5,"b:16:61:16:85:16:85:16:Infinity":0,"s:18:21:30:Infinity":6,"f:18:21:18:28":1,"s:19:8:19:Infinity":7,"s:20:8:29:Infinity":8,"s:21:36:21:Infinity":9,"b:22:12:22:Infinity:undefined:undefined:undefined:undefined":1,"s:22:12:22:Infinity":10,"s:22:23:22:Infinity":11,"s:23:12:23:Infinity":12,"s:25:12:25:Infinity":13,"s:26:12:26:Infinity":14,"s:28:12:28:Infinity":15,"s:32:30:35:Infinity":16,"f:32:30:32:31":2,"s:33:8:33:Infinity":17,"s:34:8:34:Infinity":18,"b:37:4:37:Infinity:undefined:undefined:undefined:undefined":2,"s:37:4:37:Infinity":19,"s:37:17:37:Infinity":20,"s:39:4:130:Infinity":21,"f:47:45:47:46":3,"s:48:24:58:Infinity":22,"b:51:42:51:Infinity:52:42:52:Infinity":3,"f:54:41:54:47":4,"s:54:47:54:Infinity":23,"b:66:20:123:Infinity:125:20:127:Infinity":4,"b:78:32:78:Infinity:80:32:120:Infinity":5,"f:84:71:84:72":5,"s:85:52:90:Infinity":24,"f:95:54:95:55":6,"s:96:48:106:Infinity":25,"f:97:75:97:76":7,"s:98:56:104:Infinity":26,"b:108:45:108:Infinity:109:48:116:Infinity":6,"s:134:21:161:Infinity":27,"f:134:21:134:22":8,"b:135:4:137:Infinity:undefined:undefined:undefined:undefined":7,"s:135:4:137:Infinity":28,"b:135:8:135:26:135:26:135:47":8,"s:136:8:136:Infinity":29,"b:139:4:150:Infinity:undefined:undefined:undefined:undefined":9,"s:139:4:150:Infinity":30,"s:140:8:148:Infinity":31,"b:143:26:143:Infinity:144:26:144:Infinity":10,"b:147:25:147:34:147:34:147:Infinity":11,"b:152:4:154:Infinity:undefined:undefined:undefined:undefined":12,"s:152:4:154:Infinity":32,"s:153:8:153:Infinity":33,"b:156:4:158:Infinity:undefined:undefined:undefined:undefined":13,"s:156:4:158:Infinity":34,"s:157:8:157:Infinity":35,"s:160:4:160:Infinity":36}}}
}
